[5.388s] Invoking command in '/home/circuitcoder1101/ros2_agv/src/ddsm115_driver': PYTHONPATH=/home/circuitcoder1101/ros2_agv/build/ddsm115_driver/prefix_override:/usr/lib/python3/dist-packages/colcon_core/task/python/colcon_distutils_commands:/home/circuitcoder1101/ros2_agv/install/ddsm115_driver/lib/python3.10/site-packages:${PYTHONPATH} /usr/bin/python3 -W ignore:setup.py install is deprecated -W ignore:easy_install command is deprecated setup.py egg_info --egg-base ../../build/ddsm115_driver build --build-base /home/circuitcoder1101/ros2_agv/build/ddsm115_driver/build install --record /home/circuitcoder1101/ros2_agv/build/ddsm115_driver/install.log --single-version-externally-managed install_data
[6.529s] running egg_info
[6.531s] writing ../../build/ddsm115_driver/ddsm115_driver.egg-info/PKG-INFO
[6.533s] writing dependency_links to ../../build/ddsm115_driver/ddsm115_driver.egg-info/dependency_links.txt
[6.535s] writing entry points to ../../build/ddsm115_driver/ddsm115_driver.egg-info/entry_points.txt
[6.536s] writing requirements to ../../build/ddsm115_driver/ddsm115_driver.egg-info/requires.txt
[6.536s] writing top-level names to ../../build/ddsm115_driver/ddsm115_driver.egg-info/top_level.txt
[6.545s] reading manifest file '../../build/ddsm115_driver/ddsm115_driver.egg-info/SOURCES.txt'
[6.547s] adding license file 'LICENSE'
[6.550s] writing manifest file '../../build/ddsm115_driver/ddsm115_driver.egg-info/SOURCES.txt'
[6.551s] running build
[6.551s] running build_py
[6.552s] running install
[6.554s] running install_lib
[6.559s] running install_data
[6.560s] running install_egg_info
[6.568s] removing '/home/circuitcoder1101/ros2_agv/install/ddsm115_driver/lib/python3.10/site-packages/ddsm115_driver-0.0.0-py3.10.egg-info' (and everything under it)
[6.571s] Copying ../../build/ddsm115_driver/ddsm115_driver.egg-info to /home/circuitcoder1101/ros2_agv/install/ddsm115_driver/lib/python3.10/site-packages/ddsm115_driver-0.0.0-py3.10.egg-info
[6.578s] running install_scripts
[6.664s] Installing ddsm115_node script to /home/circuitcoder1101/ros2_agv/install/ddsm115_driver/lib/ddsm115_driver
[6.666s] writing list of installed files to '/home/circuitcoder1101/ros2_agv/build/ddsm115_driver/install.log'
[6.820s] Invoked command in '/home/circuitcoder1101/ros2_agv/src/ddsm115_driver' returned '0': PYTHONPATH=/home/circuitcoder1101/ros2_agv/build/ddsm115_driver/prefix_override:/usr/lib/python3/dist-packages/colcon_core/task/python/colcon_distutils_commands:/home/circuitcoder1101/ros2_agv/install/ddsm115_driver/lib/python3.10/site-packages:${PYTHONPATH} /usr/bin/python3 -W ignore:setup.py install is deprecated -W ignore:easy_install command is deprecated setup.py egg_info --egg-base ../../build/ddsm115_driver build --build-base /home/circuitcoder1101/ros2_agv/build/ddsm115_driver/build install --record /home/circuitcoder1101/ros2_agv/build/ddsm115_driver/install.log --single-version-externally-managed install_data
