[5.953s] Invoking command in '/home/circuitcoder1101/ros2_agv/src/ddsm115_driver': PYTHONPATH=/home/circuitcoder1101/ros2_agv/build/ddsm115_driver/prefix_override:/usr/lib/python3/dist-packages/colcon_core/task/python/colcon_distutils_commands:/home/circuitcoder1101/ros2_agv/install/ddsm115_driver/lib/python3.10/site-packages:${PYTHONPATH} /usr/bin/python3 -W ignore:setup.py install is deprecated -W ignore:easy_install command is deprecated setup.py egg_info --egg-base ../../build/ddsm115_driver build --build-base /home/circuitcoder1101/ros2_agv/build/ddsm115_driver/build install --record /home/circuitcoder1101/ros2_agv/build/ddsm115_driver/install.log --single-version-externally-managed install_data
[8.252s] running egg_info
[8.258s] writing ../../build/ddsm115_driver/ddsm115_driver.egg-info/PKG-INFO
[8.260s] writing dependency_links to ../../build/ddsm115_driver/ddsm115_driver.egg-info/dependency_links.txt
[8.264s] writing entry points to ../../build/ddsm115_driver/ddsm115_driver.egg-info/entry_points.txt
[8.268s] writing requirements to ../../build/ddsm115_driver/ddsm115_driver.egg-info/requires.txt
[8.270s] writing top-level names to ../../build/ddsm115_driver/ddsm115_driver.egg-info/top_level.txt
[8.295s] reading manifest file '../../build/ddsm115_driver/ddsm115_driver.egg-info/SOURCES.txt'
[8.300s] adding license file 'LICENSE'
[8.305s] writing manifest file '../../build/ddsm115_driver/ddsm115_driver.egg-info/SOURCES.txt'
[8.307s] running build
[8.308s] running build_py
[8.313s] copying ddsm115_driver/ddsm115_node.py -> /home/circuitcoder1101/ros2_agv/build/ddsm115_driver/build/lib/ddsm115_driver
[8.316s] running install
[8.316s] running install_lib
[8.320s] copying /home/circuitcoder1101/ros2_agv/build/ddsm115_driver/build/lib/ddsm115_driver/ddsm115_node.py -> /home/circuitcoder1101/ros2_agv/install/ddsm115_driver/lib/python3.10/site-packages/ddsm115_driver
[8.327s] byte-compiling /home/circuitcoder1101/ros2_agv/install/ddsm115_driver/lib/python3.10/site-packages/ddsm115_driver/ddsm115_node.py to ddsm115_node.cpython-310.pyc
[8.336s] running install_data
[8.337s] running install_egg_info
[8.351s] removing '/home/circuitcoder1101/ros2_agv/install/ddsm115_driver/lib/python3.10/site-packages/ddsm115_driver-0.0.0-py3.10.egg-info' (and everything under it)
[8.356s] Copying ../../build/ddsm115_driver/ddsm115_driver.egg-info to /home/circuitcoder1101/ros2_agv/install/ddsm115_driver/lib/python3.10/site-packages/ddsm115_driver-0.0.0-py3.10.egg-info
[8.375s] running install_scripts
[8.556s] Installing ddsm115_node script to /home/circuitcoder1101/ros2_agv/install/ddsm115_driver/lib/ddsm115_driver
[8.561s] writing list of installed files to '/home/circuitcoder1101/ros2_agv/build/ddsm115_driver/install.log'
[8.932s] Invoked command in '/home/circuitcoder1101/ros2_agv/src/ddsm115_driver' returned '0': PYTHONPATH=/home/circuitcoder1101/ros2_agv/build/ddsm115_driver/prefix_override:/usr/lib/python3/dist-packages/colcon_core/task/python/colcon_distutils_commands:/home/circuitcoder1101/ros2_agv/install/ddsm115_driver/lib/python3.10/site-packages:${PYTHONPATH} /usr/bin/python3 -W ignore:setup.py install is deprecated -W ignore:easy_install command is deprecated setup.py egg_info --egg-base ../../build/ddsm115_driver build --build-base /home/circuitcoder1101/ros2_agv/build/ddsm115_driver/build install --record /home/circuitcoder1101/ros2_agv/build/ddsm115_driver/install.log --single-version-externally-managed install_data
