running egg_info
writing ../../build/keyboard_control/keyboard_control.egg-info/PKG-INFO
writing dependency_links to ../../build/keyboard_control/keyboard_control.egg-info/dependency_links.txt
writing entry points to ../../build/keyboard_control/keyboard_control.egg-info/entry_points.txt
writing requirements to ../../build/keyboard_control/keyboard_control.egg-info/requires.txt
writing top-level names to ../../build/keyboard_control/keyboard_control.egg-info/top_level.txt
reading manifest file '../../build/keyboard_control/keyboard_control.egg-info/SOURCES.txt'
writing manifest file '../../build/keyboard_control/keyboard_control.egg-info/SOURCES.txt'
running build
running build_py
copying keyboard_control/keyboard_control_node.py -> /home/circuitcoder1101/ros2_agv/build/keyboard_control/build/lib/keyboard_control
running install
running install_lib
copying /home/circuitcoder1101/ros2_agv/build/keyboard_control/build/lib/keyboard_control/keyboard_control_node.py -> /home/circuitcoder1101/ros2_agv/install/keyboard_control/lib/python3.10/site-packages/keyboard_control
byte-compiling /home/circuitcoder1101/ros2_agv/install/keyboard_control/lib/python3.10/site-packages/keyboard_control/keyboard_control_node.py to keyboard_control_node.cpython-310.pyc
running install_data
running install_egg_info
removing '/home/circuitcoder1101/ros2_agv/install/keyboard_control/lib/python3.10/site-packages/keyboard_control-0.0.0-py3.10.egg-info' (and everything under it)
Copying ../../build/keyboard_control/keyboard_control.egg-info to /home/circuitcoder1101/ros2_agv/install/keyboard_control/lib/python3.10/site-packages/keyboard_control-0.0.0-py3.10.egg-info
running install_scripts
Installing keyboard_control_node script to /home/circuitcoder1101/ros2_agv/install/keyboard_control/lib/keyboard_control
writing list of installed files to '/home/circuitcoder1101/ros2_agv/build/keyboard_control/install.log'
