[3.042s] Invoking command in '/home/circuitcoder1101/ros2_agv/src/keyboard_control': PYTHONPATH=/home/circuitcoder1101/ros2_agv/build/keyboard_control/prefix_override:/usr/lib/python3/dist-packages/colcon_core/task/python/colcon_distutils_commands:/home/circuitcoder1101/ros2_agv/install/keyboard_control/lib/python3.10/site-packages:${PYTHONPATH} /usr/bin/python3 -W ignore:setup.py install is deprecated -W ignore:easy_install command is deprecated setup.py egg_info --egg-base ../../build/keyboard_control build --build-base /home/circuitcoder1101/ros2_agv/build/keyboard_control/build install --record /home/circuitcoder1101/ros2_agv/build/keyboard_control/install.log --single-version-externally-managed install_data
[4.263s] running egg_info
[4.266s] writing ../../build/keyboard_control/keyboard_control.egg-info/PKG-INFO
[4.268s] writing dependency_links to ../../build/keyboard_control/keyboard_control.egg-info/dependency_links.txt
[4.270s] writing entry points to ../../build/keyboard_control/keyboard_control.egg-info/entry_points.txt
[4.271s] writing requirements to ../../build/keyboard_control/keyboard_control.egg-info/requires.txt
[4.272s] writing top-level names to ../../build/keyboard_control/keyboard_control.egg-info/top_level.txt
[4.283s] reading manifest file '../../build/keyboard_control/keyboard_control.egg-info/SOURCES.txt'
[4.287s] writing manifest file '../../build/keyboard_control/keyboard_control.egg-info/SOURCES.txt'
[4.288s] running build
[4.288s] running build_py
[4.289s] copying keyboard_control/keyboard_control_node.py -> /home/circuitcoder1101/ros2_agv/build/keyboard_control/build/lib/keyboard_control
[4.292s] running install
[4.294s] running install_lib
[4.298s] copying /home/circuitcoder1101/ros2_agv/build/keyboard_control/build/lib/keyboard_control/keyboard_control_node.py -> /home/circuitcoder1101/ros2_agv/install/keyboard_control/lib/python3.10/site-packages/keyboard_control
[4.301s] byte-compiling /home/circuitcoder1101/ros2_agv/install/keyboard_control/lib/python3.10/site-packages/keyboard_control/keyboard_control_node.py to keyboard_control_node.cpython-310.pyc
[4.305s] running install_data
[4.306s] running install_egg_info
[4.313s] removing '/home/circuitcoder1101/ros2_agv/install/keyboard_control/lib/python3.10/site-packages/keyboard_control-0.0.0-py3.10.egg-info' (and everything under it)
[4.315s] Copying ../../build/keyboard_control/keyboard_control.egg-info to /home/circuitcoder1101/ros2_agv/install/keyboard_control/lib/python3.10/site-packages/keyboard_control-0.0.0-py3.10.egg-info
[4.320s] running install_scripts
[4.419s] Installing keyboard_control_node script to /home/circuitcoder1101/ros2_agv/install/keyboard_control/lib/keyboard_control
[4.421s] writing list of installed files to '/home/circuitcoder1101/ros2_agv/build/keyboard_control/install.log'
[4.572s] Invoked command in '/home/circuitcoder1101/ros2_agv/src/keyboard_control' returned '0': PYTHONPATH=/home/circuitcoder1101/ros2_agv/build/keyboard_control/prefix_override:/usr/lib/python3/dist-packages/colcon_core/task/python/colcon_distutils_commands:/home/circuitcoder1101/ros2_agv/install/keyboard_control/lib/python3.10/site-packages:${PYTHONPATH} /usr/bin/python3 -W ignore:setup.py install is deprecated -W ignore:easy_install command is deprecated setup.py egg_info --egg-base ../../build/keyboard_control build --build-base /home/circuitcoder1101/ros2_agv/build/keyboard_control/build install --record /home/circuitcoder1101/ros2_agv/build/keyboard_control/install.log --single-version-externally-managed install_data
