running egg_info
creating ../../build/ws2812b_controller/ws2812b_controller.egg-info
writing ../../build/ws2812b_controller/ws2812b_controller.egg-info/PKG-INFO
writing dependency_links to ../../build/ws2812b_controller/ws2812b_controller.egg-info/dependency_links.txt
writing entry points to ../../build/ws2812b_controller/ws2812b_controller.egg-info/entry_points.txt
writing requirements to ../../build/ws2812b_controller/ws2812b_controller.egg-info/requires.txt
writing top-level names to ../../build/ws2812b_controller/ws2812b_controller.egg-info/top_level.txt
writing manifest file '../../build/ws2812b_controller/ws2812b_controller.egg-info/SOURCES.txt'
reading manifest file '../../build/ws2812b_controller/ws2812b_controller.egg-info/SOURCES.txt'
writing manifest file '../../build/ws2812b_controller/ws2812b_controller.egg-info/SOURCES.txt'
running build
running build_py
creating /home/circuitcoder1101/ros2_agv/build/ws2812b_controller/build
creating /home/circuitcoder1101/ros2_agv/build/ws2812b_controller/build/lib
creating /home/circuitcoder1101/ros2_agv/build/ws2812b_controller/build/lib/ws2812b_controller
copying ws2812b_controller/ws2812b_node.py -> /home/circuitcoder1101/ros2_agv/build/ws2812b_controller/build/lib/ws2812b_controller
copying ws2812b_controller/__init__.py -> /home/circuitcoder1101/ros2_agv/build/ws2812b_controller/build/lib/ws2812b_controller
running install
running install_lib
creating /home/circuitcoder1101/ros2_agv/install/ws2812b_controller/lib/python3.10/site-packages/ws2812b_controller
copying /home/circuitcoder1101/ros2_agv/build/ws2812b_controller/build/lib/ws2812b_controller/ws2812b_node.py -> /home/circuitcoder1101/ros2_agv/install/ws2812b_controller/lib/python3.10/site-packages/ws2812b_controller
copying /home/circuitcoder1101/ros2_agv/build/ws2812b_controller/build/lib/ws2812b_controller/__init__.py -> /home/circuitcoder1101/ros2_agv/install/ws2812b_controller/lib/python3.10/site-packages/ws2812b_controller
byte-compiling /home/circuitcoder1101/ros2_agv/install/ws2812b_controller/lib/python3.10/site-packages/ws2812b_controller/ws2812b_node.py to ws2812b_node.cpython-310.pyc
byte-compiling /home/circuitcoder1101/ros2_agv/install/ws2812b_controller/lib/python3.10/site-packages/ws2812b_controller/__init__.py to __init__.cpython-310.pyc
running install_data
creating /home/circuitcoder1101/ros2_agv/install/ws2812b_controller/share/ament_index
creating /home/circuitcoder1101/ros2_agv/install/ws2812b_controller/share/ament_index/resource_index
creating /home/circuitcoder1101/ros2_agv/install/ws2812b_controller/share/ament_index/resource_index/packages
copying resource/ws2812b_controller -> /home/circuitcoder1101/ros2_agv/install/ws2812b_controller/share/ament_index/resource_index/packages
copying package.xml -> /home/circuitcoder1101/ros2_agv/install/ws2812b_controller/share/ws2812b_controller
running install_egg_info
Copying ../../build/ws2812b_controller/ws2812b_controller.egg-info to /home/circuitcoder1101/ros2_agv/install/ws2812b_controller/lib/python3.10/site-packages/ws2812b_controller-0.0.0-py3.10.egg-info
running install_scripts
writing list of installed files to '/home/circuitcoder1101/ros2_agv/build/ws2812b_controller/install.log'
