[3.101s] Invoking command in '/home/circuitcoder1101/ros2_agv/src/ddsm115_driver': PYTHONPATH=/home/circuitcoder1101/ros2_agv/build/ddsm115_driver/prefix_override:/usr/lib/python3/dist-packages/colcon_core/task/python/colcon_distutils_commands:/home/circuitcoder1101/ros2_agv/install/ddsm115_driver/lib/python3.10/site-packages:${PYTHONPATH} /usr/bin/python3 -W ignore:setup.py install is deprecated -W ignore:easy_install command is deprecated setup.py egg_info --egg-base ../../build/ddsm115_driver build --build-base /home/circuitcoder1101/ros2_agv/build/ddsm115_driver/build install --record /home/circuitcoder1101/ros2_agv/build/ddsm115_driver/install.log --single-version-externally-managed install_data
[4.316s] running egg_info
[4.319s] writing ../../build/ddsm115_driver/ddsm115_driver.egg-info/PKG-INFO
[4.320s] writing dependency_links to ../../build/ddsm115_driver/ddsm115_driver.egg-info/dependency_links.txt
[4.322s] writing entry points to ../../build/ddsm115_driver/ddsm115_driver.egg-info/entry_points.txt
[4.322s] writing requirements to ../../build/ddsm115_driver/ddsm115_driver.egg-info/requires.txt
[4.323s] writing top-level names to ../../build/ddsm115_driver/ddsm115_driver.egg-info/top_level.txt
[4.331s] reading manifest file '../../build/ddsm115_driver/ddsm115_driver.egg-info/SOURCES.txt'
[4.332s] adding license file 'LICENSE'
[4.335s] writing manifest file '../../build/ddsm115_driver/ddsm115_driver.egg-info/SOURCES.txt'
[4.336s] running build
[4.336s] running build_py
[4.337s] copying ddsm115_driver/ddsm115_node.py -> /home/circuitcoder1101/ros2_agv/build/ddsm115_driver/build/lib/ddsm115_driver
[4.338s] running install
[4.340s] running install_lib
[4.344s] copying /home/circuitcoder1101/ros2_agv/build/ddsm115_driver/build/lib/ddsm115_driver/ddsm115_node.py -> /home/circuitcoder1101/ros2_agv/install/ddsm115_driver/lib/python3.10/site-packages/ddsm115_driver
[4.347s] byte-compiling /home/circuitcoder1101/ros2_agv/install/ddsm115_driver/lib/python3.10/site-packages/ddsm115_driver/ddsm115_node.py to ddsm115_node.cpython-310.pyc
[4.351s] running install_data
[4.352s] running install_egg_info
[4.369s] removing '/home/circuitcoder1101/ros2_agv/install/ddsm115_driver/lib/python3.10/site-packages/ddsm115_driver-0.0.0-py3.10.egg-info' (and everything under it)
[4.369s] Copying ../../build/ddsm115_driver/ddsm115_driver.egg-info to /home/circuitcoder1101/ros2_agv/install/ddsm115_driver/lib/python3.10/site-packages/ddsm115_driver-0.0.0-py3.10.egg-info
[4.371s] running install_scripts
[4.458s] Installing ddsm115_node script to /home/circuitcoder1101/ros2_agv/install/ddsm115_driver/lib/ddsm115_driver
[4.461s] writing list of installed files to '/home/circuitcoder1101/ros2_agv/build/ddsm115_driver/install.log'
[4.646s] Invoked command in '/home/circuitcoder1101/ros2_agv/src/ddsm115_driver' returned '0': PYTHONPATH=/home/circuitcoder1101/ros2_agv/build/ddsm115_driver/prefix_override:/usr/lib/python3/dist-packages/colcon_core/task/python/colcon_distutils_commands:/home/circuitcoder1101/ros2_agv/install/ddsm115_driver/lib/python3.10/site-packages:${PYTHONPATH} /usr/bin/python3 -W ignore:setup.py install is deprecated -W ignore:easy_install command is deprecated setup.py egg_info --egg-base ../../build/ddsm115_driver build --build-base /home/circuitcoder1101/ros2_agv/build/ddsm115_driver/build install --record /home/circuitcoder1101/ros2_agv/build/ddsm115_driver/install.log --single-version-externally-managed install_data
