[0.869s] DEBUG:colcon:Command line arguments: ['/usr/bin/colcon', 'build', '--packages-select', 'ddsm115_driver']
[0.869s] DEBUG:colcon:Parsed command line arguments: Namespace(log_base=None, log_level=None, verb_name='build', build_base='build', install_base='install', merge_install=False, symlink_install=False, test_result_base=None, continue_on_error=False, executor='parallel', parallel_workers=4, event_handlers=None, ignore_user_meta=False, metas=['./colcon.meta'], base_paths=['.'], packages_ignore=None, packages_ignore_regex=None, paths=None, packages_up_to=None, packages_up_to_regex=None, packages_above=None, packages_above_and_dependencies=None, packages_above_depth=None, packages_select_by_dep=None, packages_skip_by_dep=None, packages_skip_up_to=None, packages_select_build_failed=False, packages_skip_build_finished=False, packages_select_test_failures=False, packages_skip_test_passed=False, packages_select=['ddsm115_driver'], packages_skip=None, packages_select_regex=None, packages_skip_regex=None, packages_start=None, packages_end=None, allow_overriding=[], cmake_args=None, cmake_target=None, cmake_target_skip_unavailable=False, cmake_clean_cache=False, cmake_clean_first=False, cmake_force_configure=False, ament_cmake_args=None, catkin_cmake_args=None, catkin_skip_building_tests=False, verb_parser=<colcon_defaults.argument_parser.defaults.DefaultArgumentsDecorator object at 0xffff91af69b0>, verb_extension=<colcon_core.verb.build.BuildVerb object at 0xffff91be7e20>, main=<bound method BuildVerb.main of <colcon_core.verb.build.BuildVerb object at 0xffff91be7e20>>)
[2.068s] Level 1:colcon.colcon_core.package_discovery:discover_packages(colcon_meta) check parameters
[2.068s] Level 1:colcon.colcon_core.package_discovery:discover_packages(recursive) check parameters
[2.069s] Level 1:colcon.colcon_core.package_discovery:discover_packages(ignore) check parameters
[2.069s] Level 1:colcon.colcon_core.package_discovery:discover_packages(path) check parameters
[2.069s] Level 1:colcon.colcon_core.package_discovery:discover_packages(colcon_meta) discover
[2.069s] Level 1:colcon.colcon_core.package_discovery:discover_packages(recursive) discover
[2.069s] INFO:colcon.colcon_core.package_discovery:Crawling recursively for packages in '/home/circuitcoder1101/ros2_agv'
[2.070s] Level 1:colcon.colcon_core.package_identification:_identify(.) by extensions ['ignore', 'ignore_ament_install']
[2.070s] Level 1:colcon.colcon_core.package_identification:_identify(.) by extension 'ignore'
[2.070s] Level 1:colcon.colcon_core.package_identification:_identify(.) by extension 'ignore_ament_install'
[2.071s] Level 1:colcon.colcon_core.package_identification:_identify(.) by extensions ['colcon_pkg']
[2.071s] Level 1:colcon.colcon_core.package_identification:_identify(.) by extension 'colcon_pkg'
[2.071s] Level 1:colcon.colcon_core.package_identification:_identify(.) by extensions ['colcon_meta']
[2.071s] Level 1:colcon.colcon_core.package_identification:_identify(.) by extension 'colcon_meta'
[2.071s] Level 1:colcon.colcon_core.package_identification:_identify(.) by extensions ['ros']
[2.072s] Level 1:colcon.colcon_core.package_identification:_identify(.) by extension 'ros'
[2.141s] Level 1:colcon.colcon_core.package_identification:_identify(.) by extensions ['cmake', 'python']
[2.141s] Level 1:colcon.colcon_core.package_identification:_identify(.) by extension 'cmake'
[2.142s] Level 1:colcon.colcon_core.package_identification:_identify(.) by extension 'python'
[2.142s] Level 1:colcon.colcon_core.package_identification:_identify(.) by extensions ['python_setup_py']
[2.142s] Level 1:colcon.colcon_core.package_identification:_identify(.) by extension 'python_setup_py'
[2.142s] Level 1:colcon.colcon_core.package_identification:_identify(build) by extensions ['ignore', 'ignore_ament_install']
[2.143s] Level 1:colcon.colcon_core.package_identification:_identify(build) by extension 'ignore'
[2.143s] Level 1:colcon.colcon_core.package_identification:_identify(build) ignored
[2.144s] Level 1:colcon.colcon_core.package_identification:_identify(install) by extensions ['ignore', 'ignore_ament_install']
[2.144s] Level 1:colcon.colcon_core.package_identification:_identify(install) by extension 'ignore'
[2.144s] Level 1:colcon.colcon_core.package_identification:_identify(install) ignored
[2.145s] Level 1:colcon.colcon_core.package_identification:_identify(log) by extensions ['ignore', 'ignore_ament_install']
[2.145s] Level 1:colcon.colcon_core.package_identification:_identify(log) by extension 'ignore'
[2.145s] Level 1:colcon.colcon_core.package_identification:_identify(log) ignored
[2.146s] Level 1:colcon.colcon_core.package_identification:_identify(src) by extensions ['ignore', 'ignore_ament_install']
[2.147s] Level 1:colcon.colcon_core.package_identification:_identify(src) by extension 'ignore'
[2.147s] Level 1:colcon.colcon_core.package_identification:_identify(src) by extension 'ignore_ament_install'
[2.147s] Level 1:colcon.colcon_core.package_identification:_identify(src) by extensions ['colcon_pkg']
[2.147s] Level 1:colcon.colcon_core.package_identification:_identify(src) by extension 'colcon_pkg'
[2.148s] Level 1:colcon.colcon_core.package_identification:_identify(src) by extensions ['colcon_meta']
[2.148s] Level 1:colcon.colcon_core.package_identification:_identify(src) by extension 'colcon_meta'
[2.148s] Level 1:colcon.colcon_core.package_identification:_identify(src) by extensions ['ros']
[2.148s] Level 1:colcon.colcon_core.package_identification:_identify(src) by extension 'ros'
[2.148s] Level 1:colcon.colcon_core.package_identification:_identify(src) by extensions ['cmake', 'python']
[2.149s] Level 1:colcon.colcon_core.package_identification:_identify(src) by extension 'cmake'
[2.149s] Level 1:colcon.colcon_core.package_identification:_identify(src) by extension 'python'
[2.149s] Level 1:colcon.colcon_core.package_identification:_identify(src) by extensions ['python_setup_py']
[2.149s] Level 1:colcon.colcon_core.package_identification:_identify(src) by extension 'python_setup_py'
[2.150s] Level 1:colcon.colcon_core.package_identification:_identify(src/ddsm115_driver) by extensions ['ignore', 'ignore_ament_install']
[2.150s] Level 1:colcon.colcon_core.package_identification:_identify(src/ddsm115_driver) by extension 'ignore'
[2.151s] Level 1:colcon.colcon_core.package_identification:_identify(src/ddsm115_driver) by extension 'ignore_ament_install'
[2.151s] Level 1:colcon.colcon_core.package_identification:_identify(src/ddsm115_driver) by extensions ['colcon_pkg']
[2.151s] Level 1:colcon.colcon_core.package_identification:_identify(src/ddsm115_driver) by extension 'colcon_pkg'
[2.151s] Level 1:colcon.colcon_core.package_identification:_identify(src/ddsm115_driver) by extensions ['colcon_meta']
[2.151s] Level 1:colcon.colcon_core.package_identification:_identify(src/ddsm115_driver) by extension 'colcon_meta'
[2.152s] Level 1:colcon.colcon_core.package_identification:_identify(src/ddsm115_driver) by extensions ['ros']
[2.152s] Level 1:colcon.colcon_core.package_identification:_identify(src/ddsm115_driver) by extension 'ros'
[2.166s] DEBUG:colcon.colcon_core.package_identification:Package 'src/ddsm115_driver' with type 'ros.ament_python' and name 'ddsm115_driver'
[2.166s] Level 1:colcon.colcon_core.package_discovery:discover_packages(recursive) using defaults
[2.166s] Level 1:colcon.colcon_core.package_discovery:discover_packages(ignore) discover
[2.166s] Level 1:colcon.colcon_core.package_discovery:discover_packages(ignore) using defaults
[2.166s] Level 1:colcon.colcon_core.package_discovery:discover_packages(path) discover
[2.166s] Level 1:colcon.colcon_core.package_discovery:discover_packages(path) using defaults
[2.302s] Level 1:colcon.colcon_core.package_discovery:discover_packages(prefix_path) check parameters
[2.302s] Level 1:colcon.colcon_core.package_discovery:discover_packages(prefix_path) discover
[2.326s] DEBUG:colcon.colcon_installed_package_information.package_discovery:Found 271 installed packages in /opt/ros/humble
[2.336s] Level 1:colcon.colcon_core.package_discovery:discover_packages(prefix_path) using defaults
[2.539s] Level 5:colcon.colcon_core.verb:set package 'ddsm115_driver' build argument 'cmake_args' from command line to 'None'
[2.539s] Level 5:colcon.colcon_core.verb:set package 'ddsm115_driver' build argument 'cmake_target' from command line to 'None'
[2.540s] Level 5:colcon.colcon_core.verb:set package 'ddsm115_driver' build argument 'cmake_target_skip_unavailable' from command line to 'False'
[2.540s] Level 5:colcon.colcon_core.verb:set package 'ddsm115_driver' build argument 'cmake_clean_cache' from command line to 'False'
[2.540s] Level 5:colcon.colcon_core.verb:set package 'ddsm115_driver' build argument 'cmake_clean_first' from command line to 'False'
[2.540s] Level 5:colcon.colcon_core.verb:set package 'ddsm115_driver' build argument 'cmake_force_configure' from command line to 'False'
[2.540s] Level 5:colcon.colcon_core.verb:set package 'ddsm115_driver' build argument 'ament_cmake_args' from command line to 'None'
[2.540s] Level 5:colcon.colcon_core.verb:set package 'ddsm115_driver' build argument 'catkin_cmake_args' from command line to 'None'
[2.540s] Level 5:colcon.colcon_core.verb:set package 'ddsm115_driver' build argument 'catkin_skip_building_tests' from command line to 'False'
[2.540s] DEBUG:colcon.colcon_core.verb:Building package 'ddsm115_driver' with the following arguments: {'ament_cmake_args': None, 'build_base': '/home/circuitcoder1101/ros2_agv/build/ddsm115_driver', 'catkin_cmake_args': None, 'catkin_skip_building_tests': False, 'cmake_args': None, 'cmake_clean_cache': False, 'cmake_clean_first': False, 'cmake_force_configure': False, 'cmake_target': None, 'cmake_target_skip_unavailable': False, 'install_base': '/home/circuitcoder1101/ros2_agv/install/ddsm115_driver', 'merge_install': False, 'path': '/home/circuitcoder1101/ros2_agv/src/ddsm115_driver', 'symlink_install': False, 'test_result_base': None}
[2.541s] INFO:colcon.colcon_core.executor:Executing jobs using 'parallel' executor
[2.544s] DEBUG:colcon.colcon_parallel_executor.executor.parallel:run_until_complete
[2.545s] INFO:colcon.colcon_ros.task.ament_python.build:Building ROS package in '/home/circuitcoder1101/ros2_agv/src/ddsm115_driver' with build type 'ament_python'
[2.546s] Level 1:colcon.colcon_core.shell:create_environment_hook('ddsm115_driver', 'ament_prefix_path')
[2.569s] INFO:colcon.colcon_core.plugin_system:Skipping extension 'colcon_core.shell.bat': Not used on non-Windows systems
[2.570s] INFO:colcon.colcon_core.shell:Creating environment hook '/home/circuitcoder1101/ros2_agv/install/ddsm115_driver/share/ddsm115_driver/hook/ament_prefix_path.ps1'
[2.585s] INFO:colcon.colcon_core.shell:Creating environment descriptor '/home/circuitcoder1101/ros2_agv/install/ddsm115_driver/share/ddsm115_driver/hook/ament_prefix_path.dsv'
[2.589s] INFO:colcon.colcon_core.shell:Creating environment hook '/home/circuitcoder1101/ros2_agv/install/ddsm115_driver/share/ddsm115_driver/hook/ament_prefix_path.sh'
[2.594s] INFO:colcon.colcon_core.shell:Skip shell extension 'powershell' for command environment: Not usable outside of PowerShell
[2.595s] DEBUG:colcon.colcon_core.shell:Skip shell extension 'dsv' for command environment
[3.808s] INFO:colcon.colcon_core.task.python.build:Building Python package in '/home/circuitcoder1101/ros2_agv/src/ddsm115_driver'
[3.809s] INFO:colcon.colcon_core.shell:Skip shell extension 'powershell' for command environment: Not usable outside of PowerShell
[3.809s] DEBUG:colcon.colcon_core.shell:Skip shell extension 'dsv' for command environment
[5.511s] DEBUG:colcon.colcon_core.event_handler.log_command:Invoking command in '/home/circuitcoder1101/ros2_agv/src/ddsm115_driver': PYTHONPATH=/home/circuitcoder1101/ros2_agv/build/ddsm115_driver/prefix_override:/usr/lib/python3/dist-packages/colcon_core/task/python/colcon_distutils_commands:/home/circuitcoder1101/ros2_agv/install/ddsm115_driver/lib/python3.10/site-packages:${PYTHONPATH} /usr/bin/python3 -W ignore:setup.py install is deprecated -W ignore:easy_install command is deprecated setup.py egg_info --egg-base ../../build/ddsm115_driver build --build-base /home/circuitcoder1101/ros2_agv/build/ddsm115_driver/build install --record /home/circuitcoder1101/ros2_agv/build/ddsm115_driver/install.log --single-version-externally-managed install_data
[6.858s] DEBUG:colcon.colcon_core.event_handler.log_command:Invoked command in '/home/circuitcoder1101/ros2_agv/src/ddsm115_driver' returned '0': PYTHONPATH=/home/circuitcoder1101/ros2_agv/build/ddsm115_driver/prefix_override:/usr/lib/python3/dist-packages/colcon_core/task/python/colcon_distutils_commands:/home/circuitcoder1101/ros2_agv/install/ddsm115_driver/lib/python3.10/site-packages:${PYTHONPATH} /usr/bin/python3 -W ignore:setup.py install is deprecated -W ignore:easy_install command is deprecated setup.py egg_info --egg-base ../../build/ddsm115_driver build --build-base /home/circuitcoder1101/ros2_agv/build/ddsm115_driver/build install --record /home/circuitcoder1101/ros2_agv/build/ddsm115_driver/install.log --single-version-externally-managed install_data
[6.883s] Level 1:colcon.colcon_core.environment:checking '/home/circuitcoder1101/ros2_agv/install/ddsm115_driver' for CMake module files
[6.886s] Level 1:colcon.colcon_core.environment:checking '/home/circuitcoder1101/ros2_agv/install/ddsm115_driver' for CMake config files
[6.892s] Level 1:colcon.colcon_core.environment:checking '/home/circuitcoder1101/ros2_agv/install/ddsm115_driver/lib'
[6.893s] Level 1:colcon.colcon_core.environment:checking '/home/circuitcoder1101/ros2_agv/install/ddsm115_driver/bin'
[6.893s] Level 1:colcon.colcon_core.environment:checking '/home/circuitcoder1101/ros2_agv/install/ddsm115_driver/lib/pkgconfig/ddsm115_driver.pc'
[6.894s] Level 1:colcon.colcon_core.environment:checking '/home/circuitcoder1101/ros2_agv/install/ddsm115_driver/lib/python3.10/site-packages'
[6.895s] Level 1:colcon.colcon_core.shell:create_environment_hook('ddsm115_driver', 'pythonpath')
[6.896s] INFO:colcon.colcon_core.shell:Creating environment hook '/home/circuitcoder1101/ros2_agv/install/ddsm115_driver/share/ddsm115_driver/hook/pythonpath.ps1'
[6.898s] INFO:colcon.colcon_core.shell:Creating environment descriptor '/home/circuitcoder1101/ros2_agv/install/ddsm115_driver/share/ddsm115_driver/hook/pythonpath.dsv'
[6.902s] INFO:colcon.colcon_core.shell:Creating environment hook '/home/circuitcoder1101/ros2_agv/install/ddsm115_driver/share/ddsm115_driver/hook/pythonpath.sh'
[6.906s] Level 1:colcon.colcon_core.environment:checking '/home/circuitcoder1101/ros2_agv/install/ddsm115_driver/bin'
[6.906s] Level 1:colcon.colcon_core.environment:create_environment_scripts_only(ddsm115_driver)
[6.908s] INFO:colcon.colcon_core.shell:Creating package script '/home/circuitcoder1101/ros2_agv/install/ddsm115_driver/share/ddsm115_driver/package.ps1'
[6.913s] INFO:colcon.colcon_core.shell:Creating package descriptor '/home/circuitcoder1101/ros2_agv/install/ddsm115_driver/share/ddsm115_driver/package.dsv'
[6.917s] INFO:colcon.colcon_core.shell:Creating package script '/home/circuitcoder1101/ros2_agv/install/ddsm115_driver/share/ddsm115_driver/package.sh'
[6.921s] INFO:colcon.colcon_core.shell:Creating package script '/home/circuitcoder1101/ros2_agv/install/ddsm115_driver/share/ddsm115_driver/package.bash'
[6.927s] INFO:colcon.colcon_core.shell:Creating package script '/home/circuitcoder1101/ros2_agv/install/ddsm115_driver/share/ddsm115_driver/package.zsh'
[6.932s] Level 1:colcon.colcon_core.environment:create_file_with_runtime_dependencies(/home/circuitcoder1101/ros2_agv/install/ddsm115_driver/share/colcon-core/packages/ddsm115_driver)
[6.933s] DEBUG:colcon.colcon_parallel_executor.executor.parallel:closing loop
[6.935s] DEBUG:colcon.colcon_parallel_executor.executor.parallel:loop closed
[6.935s] DEBUG:colcon.colcon_parallel_executor.executor.parallel:run_until_complete finished with '0'
[6.936s] DEBUG:colcon.colcon_core.event_reactor:joining thread
[6.967s] INFO:colcon.colcon_core.plugin_system:Skipping extension 'colcon_notification.desktop_notification.terminal_notifier': Not used on non-Darwin systems
[6.968s] INFO:colcon.colcon_core.plugin_system:Skipping extension 'colcon_notification.desktop_notification.win32': Not used on non-Windows systems
[6.968s] INFO:colcon.colcon_notification.desktop_notification:Sending desktop notification using 'notify2'
[7.029s] DEBUG:colcon.colcon_core.event_reactor:joined thread
[7.031s] INFO:colcon.colcon_core.shell:Creating prefix script '/home/circuitcoder1101/ros2_agv/install/local_setup.ps1'
[7.038s] INFO:colcon.colcon_core.shell:Creating prefix util module '/home/circuitcoder1101/ros2_agv/install/_local_setup_util_ps1.py'
[7.048s] INFO:colcon.colcon_core.shell:Creating prefix chain script '/home/circuitcoder1101/ros2_agv/install/setup.ps1'
[7.054s] INFO:colcon.colcon_core.shell:Creating prefix script '/home/circuitcoder1101/ros2_agv/install/local_setup.sh'
[7.059s] INFO:colcon.colcon_core.shell:Creating prefix util module '/home/circuitcoder1101/ros2_agv/install/_local_setup_util_sh.py'
[7.063s] INFO:colcon.colcon_core.shell:Creating prefix chain script '/home/circuitcoder1101/ros2_agv/install/setup.sh'
[7.070s] INFO:colcon.colcon_core.shell:Creating prefix script '/home/circuitcoder1101/ros2_agv/install/local_setup.bash'
[7.074s] INFO:colcon.colcon_core.shell:Creating prefix chain script '/home/circuitcoder1101/ros2_agv/install/setup.bash'
[7.079s] INFO:colcon.colcon_core.shell:Creating prefix script '/home/circuitcoder1101/ros2_agv/install/local_setup.zsh'
[7.084s] INFO:colcon.colcon_core.shell:Creating prefix chain script '/home/circuitcoder1101/ros2_agv/install/setup.zsh'
