[5.929s] Invoking command in '/home/circuitcoder1101/ros2_agv/src/ws2812b_controller': PYTHONPATH=/home/circuitcoder1101/ros2_agv/build/ws2812b_controller/prefix_override:/usr/lib/python3/dist-packages/colcon_core/task/python/colcon_distutils_commands:/home/circuitcoder1101/ros2_agv/install/ws2812b_controller/lib/python3.10/site-packages:${PYTHONPATH} /usr/bin/python3 -W ignore:setup.py install is deprecated -W ignore:easy_install command is deprecated setup.py egg_info --egg-base ../../build/ws2812b_controller build --build-base /home/circuitcoder1101/ros2_agv/build/ws2812b_controller/build install --record /home/circuitcoder1101/ros2_agv/build/ws2812b_controller/install.log --single-version-externally-managed install_data
[8.255s] running egg_info
[8.262s] writing ../../build/ws2812b_controller/ws2812b_controller.egg-info/PKG-INFO
[8.264s] writing dependency_links to ../../build/ws2812b_controller/ws2812b_controller.egg-info/dependency_links.txt
[8.265s] writing entry points to ../../build/ws2812b_controller/ws2812b_controller.egg-info/entry_points.txt
[8.268s] writing requirements to ../../build/ws2812b_controller/ws2812b_controller.egg-info/requires.txt
[8.270s] writing top-level names to ../../build/ws2812b_controller/ws2812b_controller.egg-info/top_level.txt
[8.283s] reading manifest file '../../build/ws2812b_controller/ws2812b_controller.egg-info/SOURCES.txt'
[8.291s] writing manifest file '../../build/ws2812b_controller/ws2812b_controller.egg-info/SOURCES.txt'
[8.293s] running build
[8.294s] running build_py
[8.296s] running install
[8.298s] running install_lib
[8.315s] running install_data
[8.316s] running install_egg_info
[8.332s] removing '/home/circuitcoder1101/ros2_agv/install/ws2812b_controller/lib/python3.10/site-packages/ws2812b_controller-0.0.0-py3.10.egg-info' (and everything under it)
[8.335s] Copying ../../build/ws2812b_controller/ws2812b_controller.egg-info to /home/circuitcoder1101/ros2_agv/install/ws2812b_controller/lib/python3.10/site-packages/ws2812b_controller-0.0.0-py3.10.egg-info
[8.347s] running install_scripts
[8.506s] writing list of installed files to '/home/circuitcoder1101/ros2_agv/build/ws2812b_controller/install.log'
[8.859s] Invoked command in '/home/circuitcoder1101/ros2_agv/src/ws2812b_controller' returned '0': PYTHONPATH=/home/circuitcoder1101/ros2_agv/build/ws2812b_controller/prefix_override:/usr/lib/python3/dist-packages/colcon_core/task/python/colcon_distutils_commands:/home/circuitcoder1101/ros2_agv/install/ws2812b_controller/lib/python3.10/site-packages:${PYTHONPATH} /usr/bin/python3 -W ignore:setup.py install is deprecated -W ignore:easy_install command is deprecated setup.py egg_info --egg-base ../../build/ws2812b_controller build --build-base /home/circuitcoder1101/ros2_agv/build/ws2812b_controller/build install --record /home/circuitcoder1101/ros2_agv/build/ws2812b_controller/install.log --single-version-externally-managed install_data
