running egg_info
creating ../../build/ddsm115_driver/ddsm115_driver.egg-info
writing ../../build/ddsm115_driver/ddsm115_driver.egg-info/PKG-INFO
writing dependency_links to ../../build/ddsm115_driver/ddsm115_driver.egg-info/dependency_links.txt
writing entry points to ../../build/ddsm115_driver/ddsm115_driver.egg-info/entry_points.txt
writing requirements to ../../build/ddsm115_driver/ddsm115_driver.egg-info/requires.txt
writing top-level names to ../../build/ddsm115_driver/ddsm115_driver.egg-info/top_level.txt
writing manifest file '../../build/ddsm115_driver/ddsm115_driver.egg-info/SOURCES.txt'
reading manifest file '../../build/ddsm115_driver/ddsm115_driver.egg-info/SOURCES.txt'
adding license file 'LICENSE'
writing manifest file '../../build/ddsm115_driver/ddsm115_driver.egg-info/SOURCES.txt'
running build
running build_py
creating /home/circuitcoder1101/ros2_agv/build/ddsm115_driver/build
creating /home/circuitcoder1101/ros2_agv/build/ddsm115_driver/build/lib
creating /home/circuitcoder1101/ros2_agv/build/ddsm115_driver/build/lib/ddsm115_driver
copying ddsm115_driver/__init__.py -> /home/circuitcoder1101/ros2_agv/build/ddsm115_driver/build/lib/ddsm115_driver
copying ddsm115_driver/ddsm115_node.py -> /home/circuitcoder1101/ros2_agv/build/ddsm115_driver/build/lib/ddsm115_driver
running install
running install_lib
creating /home/circuitcoder1101/ros2_agv/install/ddsm115_driver/lib/python3.10/site-packages/ddsm115_driver
copying /home/circuitcoder1101/ros2_agv/build/ddsm115_driver/build/lib/ddsm115_driver/__init__.py -> /home/circuitcoder1101/ros2_agv/install/ddsm115_driver/lib/python3.10/site-packages/ddsm115_driver
copying /home/circuitcoder1101/ros2_agv/build/ddsm115_driver/build/lib/ddsm115_driver/ddsm115_node.py -> /home/circuitcoder1101/ros2_agv/install/ddsm115_driver/lib/python3.10/site-packages/ddsm115_driver
byte-compiling /home/circuitcoder1101/ros2_agv/install/ddsm115_driver/lib/python3.10/site-packages/ddsm115_driver/__init__.py to __init__.cpython-310.pyc
byte-compiling /home/circuitcoder1101/ros2_agv/install/ddsm115_driver/lib/python3.10/site-packages/ddsm115_driver/ddsm115_node.py to ddsm115_node.cpython-310.pyc
running install_data
creating /home/circuitcoder1101/ros2_agv/install/ddsm115_driver/share/ament_index
creating /home/circuitcoder1101/ros2_agv/install/ddsm115_driver/share/ament_index/resource_index
creating /home/circuitcoder1101/ros2_agv/install/ddsm115_driver/share/ament_index/resource_index/packages
copying resource/ddsm115_driver -> /home/circuitcoder1101/ros2_agv/install/ddsm115_driver/share/ament_index/resource_index/packages
copying package.xml -> /home/circuitcoder1101/ros2_agv/install/ddsm115_driver/share/ddsm115_driver
running install_egg_info
Copying ../../build/ddsm115_driver/ddsm115_driver.egg-info to /home/circuitcoder1101/ros2_agv/install/ddsm115_driver/lib/python3.10/site-packages/ddsm115_driver-0.0.0-py3.10.egg-info
running install_scripts
Installing ddsm115_node script to /home/circuitcoder1101/ros2_agv/install/ddsm115_driver/lib/ddsm115_driver
writing list of installed files to '/home/circuitcoder1101/ros2_agv/build/ddsm115_driver/install.log'
