[2.930s] Invoking command in '/home/circuitcoder1101/ros2_agv/src/ddsm115_driver': PYTHONPATH=/home/circuitcoder1101/ros2_agv/build/ddsm115_driver/prefix_override:/usr/lib/python3/dist-packages/colcon_core/task/python/colcon_distutils_commands:/home/circuitcoder1101/ros2_agv/install/ddsm115_driver/lib/python3.10/site-packages:${PYTHONPATH} /usr/bin/python3 -W ignore:setup.py install is deprecated -W ignore:easy_install command is deprecated setup.py egg_info --egg-base ../../build/ddsm115_driver build --build-base /home/circuitcoder1101/ros2_agv/build/ddsm115_driver/build install --record /home/circuitcoder1101/ros2_agv/build/ddsm115_driver/install.log --single-version-externally-managed install_data
[4.067s] running egg_info
[4.070s] creating ../../build/ddsm115_driver/ddsm115_driver.egg-info
[4.070s] writing ../../build/ddsm115_driver/ddsm115_driver.egg-info/PKG-INFO
[4.072s] writing dependency_links to ../../build/ddsm115_driver/ddsm115_driver.egg-info/dependency_links.txt
[4.072s] writing entry points to ../../build/ddsm115_driver/ddsm115_driver.egg-info/entry_points.txt
[4.073s] writing requirements to ../../build/ddsm115_driver/ddsm115_driver.egg-info/requires.txt
[4.074s] writing top-level names to ../../build/ddsm115_driver/ddsm115_driver.egg-info/top_level.txt
[4.075s] writing manifest file '../../build/ddsm115_driver/ddsm115_driver.egg-info/SOURCES.txt'
[4.084s] reading manifest file '../../build/ddsm115_driver/ddsm115_driver.egg-info/SOURCES.txt'
[4.085s] adding license file 'LICENSE'
[4.088s] writing manifest file '../../build/ddsm115_driver/ddsm115_driver.egg-info/SOURCES.txt'
[4.089s] running build
[4.091s] running build_py
[4.092s] creating /home/circuitcoder1101/ros2_agv/build/ddsm115_driver/build
[4.093s] creating /home/circuitcoder1101/ros2_agv/build/ddsm115_driver/build/lib
[4.093s] creating /home/circuitcoder1101/ros2_agv/build/ddsm115_driver/build/lib/ddsm115_driver
[4.094s] copying ddsm115_driver/__init__.py -> /home/circuitcoder1101/ros2_agv/build/ddsm115_driver/build/lib/ddsm115_driver
[4.095s] copying ddsm115_driver/ddsm115_node.py -> /home/circuitcoder1101/ros2_agv/build/ddsm115_driver/build/lib/ddsm115_driver
[4.095s] running install
[4.096s] running install_lib
[4.098s] creating /home/circuitcoder1101/ros2_agv/install/ddsm115_driver/lib/python3.10/site-packages/ddsm115_driver
[4.099s] copying /home/circuitcoder1101/ros2_agv/build/ddsm115_driver/build/lib/ddsm115_driver/__init__.py -> /home/circuitcoder1101/ros2_agv/install/ddsm115_driver/lib/python3.10/site-packages/ddsm115_driver
[4.100s] copying /home/circuitcoder1101/ros2_agv/build/ddsm115_driver/build/lib/ddsm115_driver/ddsm115_node.py -> /home/circuitcoder1101/ros2_agv/install/ddsm115_driver/lib/python3.10/site-packages/ddsm115_driver
[4.102s] byte-compiling /home/circuitcoder1101/ros2_agv/install/ddsm115_driver/lib/python3.10/site-packages/ddsm115_driver/__init__.py to __init__.cpython-310.pyc
[4.104s] byte-compiling /home/circuitcoder1101/ros2_agv/install/ddsm115_driver/lib/python3.10/site-packages/ddsm115_driver/ddsm115_node.py to ddsm115_node.cpython-310.pyc
[4.108s] running install_data
[4.108s] creating /home/circuitcoder1101/ros2_agv/install/ddsm115_driver/share/ament_index
[4.109s] creating /home/circuitcoder1101/ros2_agv/install/ddsm115_driver/share/ament_index/resource_index
[4.110s] creating /home/circuitcoder1101/ros2_agv/install/ddsm115_driver/share/ament_index/resource_index/packages
[4.110s] copying resource/ddsm115_driver -> /home/circuitcoder1101/ros2_agv/install/ddsm115_driver/share/ament_index/resource_index/packages
[4.113s] copying package.xml -> /home/circuitcoder1101/ros2_agv/install/ddsm115_driver/share/ddsm115_driver
[4.114s] running install_egg_info
[4.119s] Copying ../../build/ddsm115_driver/ddsm115_driver.egg-info to /home/circuitcoder1101/ros2_agv/install/ddsm115_driver/lib/python3.10/site-packages/ddsm115_driver-0.0.0-py3.10.egg-info
[4.125s] running install_scripts
[4.212s] Installing ddsm115_node script to /home/circuitcoder1101/ros2_agv/install/ddsm115_driver/lib/ddsm115_driver
[4.213s] writing list of installed files to '/home/circuitcoder1101/ros2_agv/build/ddsm115_driver/install.log'
[4.348s] Invoked command in '/home/circuitcoder1101/ros2_agv/src/ddsm115_driver' returned '0': PYTHONPATH=/home/circuitcoder1101/ros2_agv/build/ddsm115_driver/prefix_override:/usr/lib/python3/dist-packages/colcon_core/task/python/colcon_distutils_commands:/home/circuitcoder1101/ros2_agv/install/ddsm115_driver/lib/python3.10/site-packages:${PYTHONPATH} /usr/bin/python3 -W ignore:setup.py install is deprecated -W ignore:easy_install command is deprecated setup.py egg_info --egg-base ../../build/ddsm115_driver build --build-base /home/circuitcoder1101/ros2_agv/build/ddsm115_driver/build install --record /home/circuitcoder1101/ros2_agv/build/ddsm115_driver/install.log --single-version-externally-managed install_data
