[2.908s] Invoking command in '/home/circuitcoder1101/ros2_agv/src/keyboard_control': PYTHONPATH=/home/circuitcoder1101/ros2_agv/build/keyboard_control/prefix_override:/usr/lib/python3/dist-packages/colcon_core/task/python/colcon_distutils_commands:/home/circuitcoder1101/ros2_agv/install/keyboard_control/lib/python3.10/site-packages:${PYTHONPATH} /usr/bin/python3 -W ignore:setup.py install is deprecated -W ignore:easy_install command is deprecated setup.py egg_info --egg-base ../../build/keyboard_control build --build-base /home/circuitcoder1101/ros2_agv/build/keyboard_control/build install --record /home/circuitcoder1101/ros2_agv/build/keyboard_control/install.log --single-version-externally-managed install_data
[4.021s] running egg_info
[4.023s] creating ../../build/keyboard_control/keyboard_control.egg-info
[4.024s] writing ../../build/keyboard_control/keyboard_control.egg-info/PKG-INFO
[4.025s] writing dependency_links to ../../build/keyboard_control/keyboard_control.egg-info/dependency_links.txt
[4.027s] writing entry points to ../../build/keyboard_control/keyboard_control.egg-info/entry_points.txt
[4.027s] writing requirements to ../../build/keyboard_control/keyboard_control.egg-info/requires.txt
[4.028s] writing top-level names to ../../build/keyboard_control/keyboard_control.egg-info/top_level.txt
[4.029s] writing manifest file '../../build/keyboard_control/keyboard_control.egg-info/SOURCES.txt'
[4.036s] reading manifest file '../../build/keyboard_control/keyboard_control.egg-info/SOURCES.txt'
[4.039s] writing manifest file '../../build/keyboard_control/keyboard_control.egg-info/SOURCES.txt'
[4.040s] running build
[4.040s] running build_py
[4.041s] creating /home/circuitcoder1101/ros2_agv/build/keyboard_control/build
[4.042s] creating /home/circuitcoder1101/ros2_agv/build/keyboard_control/build/lib
[4.042s] creating /home/circuitcoder1101/ros2_agv/build/keyboard_control/build/lib/keyboard_control
[4.043s] copying keyboard_control/__init__.py -> /home/circuitcoder1101/ros2_agv/build/keyboard_control/build/lib/keyboard_control
[4.043s] copying keyboard_control/keyboard_control_node.py -> /home/circuitcoder1101/ros2_agv/build/keyboard_control/build/lib/keyboard_control
[4.044s] running install
[4.045s] running install_lib
[4.049s] creating /home/circuitcoder1101/ros2_agv/install/keyboard_control/lib/python3.10/site-packages/keyboard_control
[4.049s] copying /home/circuitcoder1101/ros2_agv/build/keyboard_control/build/lib/keyboard_control/__init__.py -> /home/circuitcoder1101/ros2_agv/install/keyboard_control/lib/python3.10/site-packages/keyboard_control
[4.050s] copying /home/circuitcoder1101/ros2_agv/build/keyboard_control/build/lib/keyboard_control/keyboard_control_node.py -> /home/circuitcoder1101/ros2_agv/install/keyboard_control/lib/python3.10/site-packages/keyboard_control
[4.053s] byte-compiling /home/circuitcoder1101/ros2_agv/install/keyboard_control/lib/python3.10/site-packages/keyboard_control/__init__.py to __init__.cpython-310.pyc
[4.054s] byte-compiling /home/circuitcoder1101/ros2_agv/install/keyboard_control/lib/python3.10/site-packages/keyboard_control/keyboard_control_node.py to keyboard_control_node.cpython-310.pyc
[4.059s] running install_data
[4.060s] creating /home/circuitcoder1101/ros2_agv/install/keyboard_control/share/ament_index
[4.061s] creating /home/circuitcoder1101/ros2_agv/install/keyboard_control/share/ament_index/resource_index
[4.062s] creating /home/circuitcoder1101/ros2_agv/install/keyboard_control/share/ament_index/resource_index/packages
[4.063s] copying resource/keyboard_control -> /home/circuitcoder1101/ros2_agv/install/keyboard_control/share/ament_index/resource_index/packages
[4.065s] copying package.xml -> /home/circuitcoder1101/ros2_agv/install/keyboard_control/share/keyboard_control
[4.065s] running install_egg_info
[4.072s] Copying ../../build/keyboard_control/keyboard_control.egg-info to /home/circuitcoder1101/ros2_agv/install/keyboard_control/lib/python3.10/site-packages/keyboard_control-0.0.0-py3.10.egg-info
[4.078s] running install_scripts
[4.160s] Installing keyboard_control_node script to /home/circuitcoder1101/ros2_agv/install/keyboard_control/lib/keyboard_control
[4.163s] writing list of installed files to '/home/circuitcoder1101/ros2_agv/build/keyboard_control/install.log'
[4.296s] Invoked command in '/home/circuitcoder1101/ros2_agv/src/keyboard_control' returned '0': PYTHONPATH=/home/circuitcoder1101/ros2_agv/build/keyboard_control/prefix_override:/usr/lib/python3/dist-packages/colcon_core/task/python/colcon_distutils_commands:/home/circuitcoder1101/ros2_agv/install/keyboard_control/lib/python3.10/site-packages:${PYTHONPATH} /usr/bin/python3 -W ignore:setup.py install is deprecated -W ignore:easy_install command is deprecated setup.py egg_info --egg-base ../../build/keyboard_control build --build-base /home/circuitcoder1101/ros2_agv/build/keyboard_control/build install --record /home/circuitcoder1101/ros2_agv/build/keyboard_control/install.log --single-version-externally-managed install_data
