[3.075s] Invoking command in '/home/circuitcoder1101/ros2_agv/src/ddsm115_driver': PYTHONPATH=/home/circuitcoder1101/ros2_agv/build/ddsm115_driver/prefix_override:/usr/lib/python3/dist-packages/colcon_core/task/python/colcon_distutils_commands:/home/circuitcoder1101/ros2_agv/install/ddsm115_driver/lib/python3.10/site-packages:${PYTHONPATH} /usr/bin/python3 -W ignore:setup.py install is deprecated -W ignore:easy_install command is deprecated setup.py egg_info --egg-base ../../build/ddsm115_driver build --build-base /home/circuitcoder1101/ros2_agv/build/ddsm115_driver/build install --record /home/circuitcoder1101/ros2_agv/build/ddsm115_driver/install.log --single-version-externally-managed install_data
[4.277s] running egg_info
[4.282s] writing ../../build/ddsm115_driver/ddsm115_driver.egg-info/PKG-INFO
[4.284s] writing dependency_links to ../../build/ddsm115_driver/ddsm115_driver.egg-info/dependency_links.txt
[4.286s] writing entry points to ../../build/ddsm115_driver/ddsm115_driver.egg-info/entry_points.txt
[4.287s] writing requirements to ../../build/ddsm115_driver/ddsm115_driver.egg-info/requires.txt
[4.289s] writing top-level names to ../../build/ddsm115_driver/ddsm115_driver.egg-info/top_level.txt
[4.297s] reading manifest file '../../build/ddsm115_driver/ddsm115_driver.egg-info/SOURCES.txt'
[4.298s] adding license file 'LICENSE'
[4.301s] writing manifest file '../../build/ddsm115_driver/ddsm115_driver.egg-info/SOURCES.txt'
[4.301s] running build
[4.302s] running build_py
[4.303s] copying ddsm115_driver/ddsm115_node.py -> /home/circuitcoder1101/ros2_agv/build/ddsm115_driver/build/lib/ddsm115_driver
[4.304s] running install
[4.305s] running install_lib
[4.309s] copying /home/circuitcoder1101/ros2_agv/build/ddsm115_driver/build/lib/ddsm115_driver/ddsm115_node.py -> /home/circuitcoder1101/ros2_agv/install/ddsm115_driver/lib/python3.10/site-packages/ddsm115_driver
[4.313s] byte-compiling /home/circuitcoder1101/ros2_agv/install/ddsm115_driver/lib/python3.10/site-packages/ddsm115_driver/ddsm115_node.py to ddsm115_node.cpython-310.pyc
[4.317s] running install_data
[4.318s] running install_egg_info
[4.325s] removing '/home/circuitcoder1101/ros2_agv/install/ddsm115_driver/lib/python3.10/site-packages/ddsm115_driver-0.0.0-py3.10.egg-info' (and everything under it)
[4.326s] Copying ../../build/ddsm115_driver/ddsm115_driver.egg-info to /home/circuitcoder1101/ros2_agv/install/ddsm115_driver/lib/python3.10/site-packages/ddsm115_driver-0.0.0-py3.10.egg-info
[4.333s] running install_scripts
[4.423s] Installing ddsm115_node script to /home/circuitcoder1101/ros2_agv/install/ddsm115_driver/lib/ddsm115_driver
[4.425s] writing list of installed files to '/home/circuitcoder1101/ros2_agv/build/ddsm115_driver/install.log'
[4.602s] Invoked command in '/home/circuitcoder1101/ros2_agv/src/ddsm115_driver' returned '0': PYTHONPATH=/home/circuitcoder1101/ros2_agv/build/ddsm115_driver/prefix_override:/usr/lib/python3/dist-packages/colcon_core/task/python/colcon_distutils_commands:/home/circuitcoder1101/ros2_agv/install/ddsm115_driver/lib/python3.10/site-packages:${PYTHONPATH} /usr/bin/python3 -W ignore:setup.py install is deprecated -W ignore:easy_install command is deprecated setup.py egg_info --egg-base ../../build/ddsm115_driver build --build-base /home/circuitcoder1101/ros2_agv/build/ddsm115_driver/build install --record /home/circuitcoder1101/ros2_agv/build/ddsm115_driver/install.log --single-version-externally-managed install_data
