[1.551s] DEBUG:colcon:Command line arguments: ['/usr/bin/colcon', 'build', '--packages-select', 'ddsm115_driver']
[1.552s] DEBUG:colcon:Parsed command line arguments: Namespace(log_base=None, log_level=None, verb_name='build', build_base='build', install_base='install', merge_install=False, symlink_install=False, test_result_base=None, continue_on_error=False, executor='parallel', parallel_workers=4, event_handlers=None, ignore_user_meta=False, metas=['./colcon.meta'], base_paths=['.'], packages_ignore=None, packages_ignore_regex=None, paths=None, packages_up_to=None, packages_up_to_regex=None, packages_above=None, packages_above_and_dependencies=None, packages_above_depth=None, packages_select_by_dep=None, packages_skip_by_dep=None, packages_skip_up_to=None, packages_select_build_failed=False, packages_skip_build_finished=False, packages_select_test_failures=False, packages_skip_test_passed=False, packages_select=['ddsm115_driver'], packages_skip=None, packages_select_regex=None, packages_skip_regex=None, packages_start=None, packages_end=None, allow_overriding=[], cmake_args=None, cmake_target=None, cmake_target_skip_unavailable=False, cmake_clean_cache=False, cmake_clean_first=False, cmake_force_configure=False, ament_cmake_args=None, catkin_cmake_args=None, catkin_skip_building_tests=False, verb_parser=<colcon_defaults.argument_parser.defaults.DefaultArgumentsDecorator object at 0xffffae3b6f80>, verb_extension=<colcon_core.verb.build.BuildVerb object at 0xffffae4f0430>, main=<bound method BuildVerb.main of <colcon_core.verb.build.BuildVerb object at 0xffffae4f0430>>)
[3.197s] Level 1:colcon.colcon_core.package_discovery:discover_packages(colcon_meta) check parameters
[3.199s] Level 1:colcon.colcon_core.package_discovery:discover_packages(recursive) check parameters
[3.199s] Level 1:colcon.colcon_core.package_discovery:discover_packages(ignore) check parameters
[3.200s] Level 1:colcon.colcon_core.package_discovery:discover_packages(path) check parameters
[3.200s] Level 1:colcon.colcon_core.package_discovery:discover_packages(colcon_meta) discover
[3.201s] Level 1:colcon.colcon_core.package_discovery:discover_packages(recursive) discover
[3.202s] INFO:colcon.colcon_core.package_discovery:Crawling recursively for packages in '/home/circuitcoder1101/ros2_agv'
[3.203s] Level 1:colcon.colcon_core.package_identification:_identify(.) by extensions ['ignore', 'ignore_ament_install']
[3.204s] Level 1:colcon.colcon_core.package_identification:_identify(.) by extension 'ignore'
[3.205s] Level 1:colcon.colcon_core.package_identification:_identify(.) by extension 'ignore_ament_install'
[3.206s] Level 1:colcon.colcon_core.package_identification:_identify(.) by extensions ['colcon_pkg']
[3.207s] Level 1:colcon.colcon_core.package_identification:_identify(.) by extension 'colcon_pkg'
[3.207s] Level 1:colcon.colcon_core.package_identification:_identify(.) by extensions ['colcon_meta']
[3.208s] Level 1:colcon.colcon_core.package_identification:_identify(.) by extension 'colcon_meta'
[3.208s] Level 1:colcon.colcon_core.package_identification:_identify(.) by extensions ['ros']
[3.208s] Level 1:colcon.colcon_core.package_identification:_identify(.) by extension 'ros'
[3.309s] Level 1:colcon.colcon_core.package_identification:_identify(.) by extensions ['cmake', 'python']
[3.310s] Level 1:colcon.colcon_core.package_identification:_identify(.) by extension 'cmake'
[3.310s] Level 1:colcon.colcon_core.package_identification:_identify(.) by extension 'python'
[3.312s] Level 1:colcon.colcon_core.package_identification:_identify(.) by extensions ['python_setup_py']
[3.313s] Level 1:colcon.colcon_core.package_identification:_identify(.) by extension 'python_setup_py'
[3.315s] Level 1:colcon.colcon_core.package_identification:_identify(build) by extensions ['ignore', 'ignore_ament_install']
[3.316s] Level 1:colcon.colcon_core.package_identification:_identify(build) by extension 'ignore'
[3.316s] Level 1:colcon.colcon_core.package_identification:_identify(build) ignored
[3.318s] Level 1:colcon.colcon_core.package_identification:_identify(install) by extensions ['ignore', 'ignore_ament_install']
[3.319s] Level 1:colcon.colcon_core.package_identification:_identify(install) by extension 'ignore'
[3.319s] Level 1:colcon.colcon_core.package_identification:_identify(install) ignored
[3.326s] Level 1:colcon.colcon_core.package_identification:_identify(log) by extensions ['ignore', 'ignore_ament_install']
[3.327s] Level 1:colcon.colcon_core.package_identification:_identify(log) by extension 'ignore'
[3.329s] Level 1:colcon.colcon_core.package_identification:_identify(log) ignored
[3.335s] Level 1:colcon.colcon_core.package_identification:_identify(src) by extensions ['ignore', 'ignore_ament_install']
[3.336s] Level 1:colcon.colcon_core.package_identification:_identify(src) by extension 'ignore'
[3.337s] Level 1:colcon.colcon_core.package_identification:_identify(src) by extension 'ignore_ament_install'
[3.338s] Level 1:colcon.colcon_core.package_identification:_identify(src) by extensions ['colcon_pkg']
[3.338s] Level 1:colcon.colcon_core.package_identification:_identify(src) by extension 'colcon_pkg'
[3.339s] Level 1:colcon.colcon_core.package_identification:_identify(src) by extensions ['colcon_meta']
[3.339s] Level 1:colcon.colcon_core.package_identification:_identify(src) by extension 'colcon_meta'
[3.340s] Level 1:colcon.colcon_core.package_identification:_identify(src) by extensions ['ros']
[3.341s] Level 1:colcon.colcon_core.package_identification:_identify(src) by extension 'ros'
[3.343s] Level 1:colcon.colcon_core.package_identification:_identify(src) by extensions ['cmake', 'python']
[3.344s] Level 1:colcon.colcon_core.package_identification:_identify(src) by extension 'cmake'
[3.346s] Level 1:colcon.colcon_core.package_identification:_identify(src) by extension 'python'
[3.347s] Level 1:colcon.colcon_core.package_identification:_identify(src) by extensions ['python_setup_py']
[3.347s] Level 1:colcon.colcon_core.package_identification:_identify(src) by extension 'python_setup_py'
[3.350s] Level 1:colcon.colcon_core.package_identification:_identify(src/ddsm115_driver) by extensions ['ignore', 'ignore_ament_install']
[3.351s] Level 1:colcon.colcon_core.package_identification:_identify(src/ddsm115_driver) by extension 'ignore'
[3.352s] Level 1:colcon.colcon_core.package_identification:_identify(src/ddsm115_driver) by extension 'ignore_ament_install'
[3.353s] Level 1:colcon.colcon_core.package_identification:_identify(src/ddsm115_driver) by extensions ['colcon_pkg']
[3.353s] Level 1:colcon.colcon_core.package_identification:_identify(src/ddsm115_driver) by extension 'colcon_pkg'
[3.353s] Level 1:colcon.colcon_core.package_identification:_identify(src/ddsm115_driver) by extensions ['colcon_meta']
[3.353s] Level 1:colcon.colcon_core.package_identification:_identify(src/ddsm115_driver) by extension 'colcon_meta'
[3.354s] Level 1:colcon.colcon_core.package_identification:_identify(src/ddsm115_driver) by extensions ['ros']
[3.354s] Level 1:colcon.colcon_core.package_identification:_identify(src/ddsm115_driver) by extension 'ros'
[3.370s] DEBUG:colcon.colcon_core.package_identification:Package 'src/ddsm115_driver' with type 'ros.ament_python' and name 'ddsm115_driver'
[3.372s] Level 1:colcon.colcon_core.package_identification:_identify(src/keyboard_control) by extensions ['ignore', 'ignore_ament_install']
[3.374s] Level 1:colcon.colcon_core.package_identification:_identify(src/keyboard_control) by extension 'ignore'
[3.375s] Level 1:colcon.colcon_core.package_identification:_identify(src/keyboard_control) by extension 'ignore_ament_install'
[3.377s] Level 1:colcon.colcon_core.package_identification:_identify(src/keyboard_control) by extensions ['colcon_pkg']
[3.378s] Level 1:colcon.colcon_core.package_identification:_identify(src/keyboard_control) by extension 'colcon_pkg'
[3.379s] Level 1:colcon.colcon_core.package_identification:_identify(src/keyboard_control) by extensions ['colcon_meta']
[3.380s] Level 1:colcon.colcon_core.package_identification:_identify(src/keyboard_control) by extension 'colcon_meta'
[3.380s] Level 1:colcon.colcon_core.package_identification:_identify(src/keyboard_control) by extensions ['ros']
[3.381s] Level 1:colcon.colcon_core.package_identification:_identify(src/keyboard_control) by extension 'ros'
[3.385s] DEBUG:colcon.colcon_core.package_identification:Package 'src/keyboard_control' with type 'ros.ament_python' and name 'keyboard_control'
[3.387s] Level 1:colcon.colcon_core.package_identification:_identify(src/ws2812b_controller) by extensions ['ignore', 'ignore_ament_install']
[3.388s] Level 1:colcon.colcon_core.package_identification:_identify(src/ws2812b_controller) by extension 'ignore'
[3.389s] Level 1:colcon.colcon_core.package_identification:_identify(src/ws2812b_controller) by extension 'ignore_ament_install'
[3.390s] Level 1:colcon.colcon_core.package_identification:_identify(src/ws2812b_controller) by extensions ['colcon_pkg']
[3.390s] Level 1:colcon.colcon_core.package_identification:_identify(src/ws2812b_controller) by extension 'colcon_pkg'
[3.391s] Level 1:colcon.colcon_core.package_identification:_identify(src/ws2812b_controller) by extensions ['colcon_meta']
[3.391s] Level 1:colcon.colcon_core.package_identification:_identify(src/ws2812b_controller) by extension 'colcon_meta'
[3.392s] Level 1:colcon.colcon_core.package_identification:_identify(src/ws2812b_controller) by extensions ['ros']
[3.392s] Level 1:colcon.colcon_core.package_identification:_identify(src/ws2812b_controller) by extension 'ros'
[3.397s] DEBUG:colcon.colcon_core.package_identification:Package 'src/ws2812b_controller' with type 'ros.ament_python' and name 'ws2812b_controller'
[3.398s] Level 1:colcon.colcon_core.package_discovery:discover_packages(recursive) using defaults
[3.398s] Level 1:colcon.colcon_core.package_discovery:discover_packages(ignore) discover
[3.398s] Level 1:colcon.colcon_core.package_discovery:discover_packages(ignore) using defaults
[3.398s] Level 1:colcon.colcon_core.package_discovery:discover_packages(path) discover
[3.399s] Level 1:colcon.colcon_core.package_discovery:discover_packages(path) using defaults
[3.541s] INFO:colcon.colcon_core.package_selection:Skipping not selected package 'keyboard_control' in 'src/keyboard_control'
[3.542s] INFO:colcon.colcon_core.package_selection:Skipping not selected package 'ws2812b_controller' in 'src/ws2812b_controller'
[3.545s] Level 1:colcon.colcon_core.package_discovery:discover_packages(prefix_path) check parameters
[3.546s] Level 1:colcon.colcon_core.package_discovery:discover_packages(prefix_path) discover
[3.565s] DEBUG:colcon.colcon_installed_package_information.package_discovery:Found 2 installed packages in /home/circuitcoder1101/ros2_agv/install
[3.576s] DEBUG:colcon.colcon_installed_package_information.package_discovery:Found 271 installed packages in /opt/ros/humble
[3.595s] Level 1:colcon.colcon_core.package_discovery:discover_packages(prefix_path) using defaults
[3.973s] Level 5:colcon.colcon_core.verb:set package 'ddsm115_driver' build argument 'cmake_args' from command line to 'None'
[3.973s] Level 5:colcon.colcon_core.verb:set package 'ddsm115_driver' build argument 'cmake_target' from command line to 'None'
[3.974s] Level 5:colcon.colcon_core.verb:set package 'ddsm115_driver' build argument 'cmake_target_skip_unavailable' from command line to 'False'
[3.974s] Level 5:colcon.colcon_core.verb:set package 'ddsm115_driver' build argument 'cmake_clean_cache' from command line to 'False'
[3.975s] Level 5:colcon.colcon_core.verb:set package 'ddsm115_driver' build argument 'cmake_clean_first' from command line to 'False'
[3.975s] Level 5:colcon.colcon_core.verb:set package 'ddsm115_driver' build argument 'cmake_force_configure' from command line to 'False'
[3.976s] Level 5:colcon.colcon_core.verb:set package 'ddsm115_driver' build argument 'ament_cmake_args' from command line to 'None'
[3.976s] Level 5:colcon.colcon_core.verb:set package 'ddsm115_driver' build argument 'catkin_cmake_args' from command line to 'None'
[3.977s] Level 5:colcon.colcon_core.verb:set package 'ddsm115_driver' build argument 'catkin_skip_building_tests' from command line to 'False'
[3.978s] DEBUG:colcon.colcon_core.verb:Building package 'ddsm115_driver' with the following arguments: {'ament_cmake_args': None, 'build_base': '/home/circuitcoder1101/ros2_agv/build/ddsm115_driver', 'catkin_cmake_args': None, 'catkin_skip_building_tests': False, 'cmake_args': None, 'cmake_clean_cache': False, 'cmake_clean_first': False, 'cmake_force_configure': False, 'cmake_target': None, 'cmake_target_skip_unavailable': False, 'install_base': '/home/circuitcoder1101/ros2_agv/install/ddsm115_driver', 'merge_install': False, 'path': '/home/circuitcoder1101/ros2_agv/src/ddsm115_driver', 'symlink_install': False, 'test_result_base': None}
[3.979s] INFO:colcon.colcon_core.executor:Executing jobs using 'parallel' executor
[3.987s] DEBUG:colcon.colcon_parallel_executor.executor.parallel:run_until_complete
[3.991s] INFO:colcon.colcon_ros.task.ament_python.build:Building ROS package in '/home/circuitcoder1101/ros2_agv/src/ddsm115_driver' with build type 'ament_python'
[3.993s] Level 1:colcon.colcon_core.shell:create_environment_hook('ddsm115_driver', 'ament_prefix_path')
[4.019s] INFO:colcon.colcon_core.plugin_system:Skipping extension 'colcon_core.shell.bat': Not used on non-Windows systems
[4.021s] INFO:colcon.colcon_core.shell:Creating environment hook '/home/circuitcoder1101/ros2_agv/install/ddsm115_driver/share/ddsm115_driver/hook/ament_prefix_path.ps1'
[4.029s] INFO:colcon.colcon_core.shell:Creating environment descriptor '/home/circuitcoder1101/ros2_agv/install/ddsm115_driver/share/ddsm115_driver/hook/ament_prefix_path.dsv'
[4.034s] INFO:colcon.colcon_core.shell:Creating environment hook '/home/circuitcoder1101/ros2_agv/install/ddsm115_driver/share/ddsm115_driver/hook/ament_prefix_path.sh'
[4.039s] INFO:colcon.colcon_core.shell:Skip shell extension 'powershell' for command environment: Not usable outside of PowerShell
[4.040s] DEBUG:colcon.colcon_core.shell:Skip shell extension 'dsv' for command environment
[6.642s] INFO:colcon.colcon_core.task.python.build:Building Python package in '/home/circuitcoder1101/ros2_agv/src/ddsm115_driver'
[6.645s] INFO:colcon.colcon_core.shell:Skip shell extension 'powershell' for command environment: Not usable outside of PowerShell
[6.649s] DEBUG:colcon.colcon_core.shell:Skip shell extension 'dsv' for command environment
[9.960s] DEBUG:colcon.colcon_core.event_handler.log_command:Invoking command in '/home/circuitcoder1101/ros2_agv/src/ddsm115_driver': PYTHONPATH=/home/circuitcoder1101/ros2_agv/build/ddsm115_driver/prefix_override:/usr/lib/python3/dist-packages/colcon_core/task/python/colcon_distutils_commands:/home/circuitcoder1101/ros2_agv/install/ddsm115_driver/lib/python3.10/site-packages:${PYTHONPATH} /usr/bin/python3 -W ignore:setup.py install is deprecated -W ignore:easy_install command is deprecated setup.py egg_info --egg-base ../../build/ddsm115_driver build --build-base /home/circuitcoder1101/ros2_agv/build/ddsm115_driver/build install --record /home/circuitcoder1101/ros2_agv/build/ddsm115_driver/install.log --single-version-externally-managed install_data
[12.912s] DEBUG:colcon.colcon_core.event_handler.log_command:Invoked command in '/home/circuitcoder1101/ros2_agv/src/ddsm115_driver' returned '0': PYTHONPATH=/home/circuitcoder1101/ros2_agv/build/ddsm115_driver/prefix_override:/usr/lib/python3/dist-packages/colcon_core/task/python/colcon_distutils_commands:/home/circuitcoder1101/ros2_agv/install/ddsm115_driver/lib/python3.10/site-packages:${PYTHONPATH} /usr/bin/python3 -W ignore:setup.py install is deprecated -W ignore:easy_install command is deprecated setup.py egg_info --egg-base ../../build/ddsm115_driver build --build-base /home/circuitcoder1101/ros2_agv/build/ddsm115_driver/build install --record /home/circuitcoder1101/ros2_agv/build/ddsm115_driver/install.log --single-version-externally-managed install_data
[12.938s] Level 1:colcon.colcon_core.environment:checking '/home/circuitcoder1101/ros2_agv/install/ddsm115_driver' for CMake module files
[12.941s] Level 1:colcon.colcon_core.environment:checking '/home/circuitcoder1101/ros2_agv/install/ddsm115_driver' for CMake config files
[12.947s] Level 1:colcon.colcon_core.environment:checking '/home/circuitcoder1101/ros2_agv/install/ddsm115_driver/lib'
[12.949s] Level 1:colcon.colcon_core.environment:checking '/home/circuitcoder1101/ros2_agv/install/ddsm115_driver/bin'
[12.950s] Level 1:colcon.colcon_core.environment:checking '/home/circuitcoder1101/ros2_agv/install/ddsm115_driver/lib/pkgconfig/ddsm115_driver.pc'
[12.953s] Level 1:colcon.colcon_core.environment:checking '/home/circuitcoder1101/ros2_agv/install/ddsm115_driver/lib/python3.10/site-packages'
[12.953s] Level 1:colcon.colcon_core.shell:create_environment_hook('ddsm115_driver', 'pythonpath')
[12.955s] INFO:colcon.colcon_core.shell:Creating environment hook '/home/circuitcoder1101/ros2_agv/install/ddsm115_driver/share/ddsm115_driver/hook/pythonpath.ps1'
[12.961s] INFO:colcon.colcon_core.shell:Creating environment descriptor '/home/circuitcoder1101/ros2_agv/install/ddsm115_driver/share/ddsm115_driver/hook/pythonpath.dsv'
[12.967s] INFO:colcon.colcon_core.shell:Creating environment hook '/home/circuitcoder1101/ros2_agv/install/ddsm115_driver/share/ddsm115_driver/hook/pythonpath.sh'
[12.972s] Level 1:colcon.colcon_core.environment:checking '/home/circuitcoder1101/ros2_agv/install/ddsm115_driver/bin'
[12.973s] Level 1:colcon.colcon_core.environment:create_environment_scripts_only(ddsm115_driver)
[12.975s] INFO:colcon.colcon_core.shell:Creating package script '/home/circuitcoder1101/ros2_agv/install/ddsm115_driver/share/ddsm115_driver/package.ps1'
[12.981s] INFO:colcon.colcon_core.shell:Creating package descriptor '/home/circuitcoder1101/ros2_agv/install/ddsm115_driver/share/ddsm115_driver/package.dsv'
[12.987s] INFO:colcon.colcon_core.shell:Creating package script '/home/circuitcoder1101/ros2_agv/install/ddsm115_driver/share/ddsm115_driver/package.sh'
[12.996s] INFO:colcon.colcon_core.shell:Creating package script '/home/circuitcoder1101/ros2_agv/install/ddsm115_driver/share/ddsm115_driver/package.bash'
[13.005s] INFO:colcon.colcon_core.shell:Creating package script '/home/circuitcoder1101/ros2_agv/install/ddsm115_driver/share/ddsm115_driver/package.zsh'
[13.014s] Level 1:colcon.colcon_core.environment:create_file_with_runtime_dependencies(/home/circuitcoder1101/ros2_agv/install/ddsm115_driver/share/colcon-core/packages/ddsm115_driver)
[13.019s] DEBUG:colcon.colcon_parallel_executor.executor.parallel:closing loop
[13.022s] DEBUG:colcon.colcon_parallel_executor.executor.parallel:loop closed
[13.023s] DEBUG:colcon.colcon_parallel_executor.executor.parallel:run_until_complete finished with '0'
[13.024s] DEBUG:colcon.colcon_core.event_reactor:joining thread
[13.070s] INFO:colcon.colcon_core.plugin_system:Skipping extension 'colcon_notification.desktop_notification.terminal_notifier': Not used on non-Darwin systems
[13.070s] INFO:colcon.colcon_core.plugin_system:Skipping extension 'colcon_notification.desktop_notification.win32': Not used on non-Windows systems
[13.071s] INFO:colcon.colcon_notification.desktop_notification:Sending desktop notification using 'notify2'
[13.145s] DEBUG:colcon.colcon_core.event_reactor:joined thread
[13.147s] INFO:colcon.colcon_core.shell:Creating prefix script '/home/circuitcoder1101/ros2_agv/install/local_setup.ps1'
[13.152s] INFO:colcon.colcon_core.shell:Creating prefix util module '/home/circuitcoder1101/ros2_agv/install/_local_setup_util_ps1.py'
[13.163s] INFO:colcon.colcon_core.shell:Creating prefix chain script '/home/circuitcoder1101/ros2_agv/install/setup.ps1'
[13.182s] INFO:colcon.colcon_core.shell:Creating prefix script '/home/circuitcoder1101/ros2_agv/install/local_setup.sh'
[13.188s] INFO:colcon.colcon_core.shell:Creating prefix util module '/home/circuitcoder1101/ros2_agv/install/_local_setup_util_sh.py'
[13.197s] INFO:colcon.colcon_core.shell:Creating prefix chain script '/home/circuitcoder1101/ros2_agv/install/setup.sh'
[13.225s] INFO:colcon.colcon_core.shell:Creating prefix script '/home/circuitcoder1101/ros2_agv/install/local_setup.bash'
[13.242s] INFO:colcon.colcon_core.shell:Creating prefix chain script '/home/circuitcoder1101/ros2_agv/install/setup.bash'
[13.255s] INFO:colcon.colcon_core.shell:Creating prefix script '/home/circuitcoder1101/ros2_agv/install/local_setup.zsh'
[13.260s] INFO:colcon.colcon_core.shell:Creating prefix chain script '/home/circuitcoder1101/ros2_agv/install/setup.zsh'
