[1.094s] DEBUG:colcon:Command line arguments: ['/usr/bin/colcon', 'build', '--packages-select', 'ddsm115_driver']
[1.095s] DEBUG:colcon:Parsed command line arguments: Namespace(log_base=None, log_level=None, verb_name='build', build_base='build', install_base='install', merge_install=False, symlink_install=False, test_result_base=None, continue_on_error=False, executor='parallel', parallel_workers=4, event_handlers=None, ignore_user_meta=False, metas=['./colcon.meta'], base_paths=['.'], packages_ignore=None, packages_ignore_regex=None, paths=None, packages_up_to=None, packages_up_to_regex=None, packages_above=None, packages_above_and_dependencies=None, packages_above_depth=None, packages_select_by_dep=None, packages_skip_by_dep=None, packages_skip_up_to=None, packages_select_build_failed=False, packages_skip_build_finished=False, packages_select_test_failures=False, packages_skip_test_passed=False, packages_select=['ddsm115_driver'], packages_skip=None, packages_select_regex=None, packages_skip_regex=None, packages_start=None, packages_end=None, allow_overriding=[], cmake_args=None, cmake_target=None, cmake_target_skip_unavailable=False, cmake_clean_cache=False, cmake_clean_first=False, cmake_force_configure=False, ament_cmake_args=None, catkin_cmake_args=None, catkin_skip_building_tests=False, verb_parser=<colcon_defaults.argument_parser.defaults.DefaultArgumentsDecorator object at 0xffffb42269b0>, verb_extension=<colcon_core.verb.build.BuildVerb object at 0xffffb4317e20>, main=<bound method BuildVerb.main of <colcon_core.verb.build.BuildVerb object at 0xffffb4317e20>>)
[2.609s] Level 1:colcon.colcon_core.package_discovery:discover_packages(colcon_meta) check parameters
[2.609s] Level 1:colcon.colcon_core.package_discovery:discover_packages(recursive) check parameters
[2.610s] Level 1:colcon.colcon_core.package_discovery:discover_packages(ignore) check parameters
[2.610s] Level 1:colcon.colcon_core.package_discovery:discover_packages(path) check parameters
[2.610s] Level 1:colcon.colcon_core.package_discovery:discover_packages(colcon_meta) discover
[2.611s] Level 1:colcon.colcon_core.package_discovery:discover_packages(recursive) discover
[2.611s] INFO:colcon.colcon_core.package_discovery:Crawling recursively for packages in '/home/circuitcoder1101/ros2_agv'
[2.612s] Level 1:colcon.colcon_core.package_identification:_identify(.) by extensions ['ignore', 'ignore_ament_install']
[2.612s] Level 1:colcon.colcon_core.package_identification:_identify(.) by extension 'ignore'
[2.613s] Level 1:colcon.colcon_core.package_identification:_identify(.) by extension 'ignore_ament_install'
[2.613s] Level 1:colcon.colcon_core.package_identification:_identify(.) by extensions ['colcon_pkg']
[2.613s] Level 1:colcon.colcon_core.package_identification:_identify(.) by extension 'colcon_pkg'
[2.614s] Level 1:colcon.colcon_core.package_identification:_identify(.) by extensions ['colcon_meta']
[2.614s] Level 1:colcon.colcon_core.package_identification:_identify(.) by extension 'colcon_meta'
[2.614s] Level 1:colcon.colcon_core.package_identification:_identify(.) by extensions ['ros']
[2.614s] Level 1:colcon.colcon_core.package_identification:_identify(.) by extension 'ros'
[2.696s] Level 1:colcon.colcon_core.package_identification:_identify(.) by extensions ['cmake', 'python']
[2.697s] Level 1:colcon.colcon_core.package_identification:_identify(.) by extension 'cmake'
[2.698s] Level 1:colcon.colcon_core.package_identification:_identify(.) by extension 'python'
[2.698s] Level 1:colcon.colcon_core.package_identification:_identify(.) by extensions ['python_setup_py']
[2.698s] Level 1:colcon.colcon_core.package_identification:_identify(.) by extension 'python_setup_py'
[2.699s] Level 1:colcon.colcon_core.package_identification:_identify(build) by extensions ['ignore', 'ignore_ament_install']
[2.700s] Level 1:colcon.colcon_core.package_identification:_identify(build) by extension 'ignore'
[2.701s] Level 1:colcon.colcon_core.package_identification:_identify(build) ignored
[2.703s] Level 1:colcon.colcon_core.package_identification:_identify(install) by extensions ['ignore', 'ignore_ament_install']
[2.704s] Level 1:colcon.colcon_core.package_identification:_identify(install) by extension 'ignore'
[2.705s] Level 1:colcon.colcon_core.package_identification:_identify(install) ignored
[2.706s] Level 1:colcon.colcon_core.package_identification:_identify(log) by extensions ['ignore', 'ignore_ament_install']
[2.707s] Level 1:colcon.colcon_core.package_identification:_identify(log) by extension 'ignore'
[2.708s] Level 1:colcon.colcon_core.package_identification:_identify(log) ignored
[2.708s] Level 1:colcon.colcon_core.package_identification:_identify(src) by extensions ['ignore', 'ignore_ament_install']
[2.709s] Level 1:colcon.colcon_core.package_identification:_identify(src) by extension 'ignore'
[2.709s] Level 1:colcon.colcon_core.package_identification:_identify(src) by extension 'ignore_ament_install'
[2.710s] Level 1:colcon.colcon_core.package_identification:_identify(src) by extensions ['colcon_pkg']
[2.710s] Level 1:colcon.colcon_core.package_identification:_identify(src) by extension 'colcon_pkg'
[2.711s] Level 1:colcon.colcon_core.package_identification:_identify(src) by extensions ['colcon_meta']
[2.711s] Level 1:colcon.colcon_core.package_identification:_identify(src) by extension 'colcon_meta'
[2.711s] Level 1:colcon.colcon_core.package_identification:_identify(src) by extensions ['ros']
[2.711s] Level 1:colcon.colcon_core.package_identification:_identify(src) by extension 'ros'
[2.712s] Level 1:colcon.colcon_core.package_identification:_identify(src) by extensions ['cmake', 'python']
[2.712s] Level 1:colcon.colcon_core.package_identification:_identify(src) by extension 'cmake'
[2.712s] Level 1:colcon.colcon_core.package_identification:_identify(src) by extension 'python'
[2.713s] Level 1:colcon.colcon_core.package_identification:_identify(src) by extensions ['python_setup_py']
[2.713s] Level 1:colcon.colcon_core.package_identification:_identify(src) by extension 'python_setup_py'
[2.713s] Level 1:colcon.colcon_core.package_identification:_identify(src/ddsm115_driver) by extensions ['ignore', 'ignore_ament_install']
[2.714s] Level 1:colcon.colcon_core.package_identification:_identify(src/ddsm115_driver) by extension 'ignore'
[2.714s] Level 1:colcon.colcon_core.package_identification:_identify(src/ddsm115_driver) by extension 'ignore_ament_install'
[2.715s] Level 1:colcon.colcon_core.package_identification:_identify(src/ddsm115_driver) by extensions ['colcon_pkg']
[2.715s] Level 1:colcon.colcon_core.package_identification:_identify(src/ddsm115_driver) by extension 'colcon_pkg'
[2.715s] Level 1:colcon.colcon_core.package_identification:_identify(src/ddsm115_driver) by extensions ['colcon_meta']
[2.716s] Level 1:colcon.colcon_core.package_identification:_identify(src/ddsm115_driver) by extension 'colcon_meta'
[2.716s] Level 1:colcon.colcon_core.package_identification:_identify(src/ddsm115_driver) by extensions ['ros']
[2.716s] Level 1:colcon.colcon_core.package_identification:_identify(src/ddsm115_driver) by extension 'ros'
[2.737s] DEBUG:colcon.colcon_core.package_identification:Package 'src/ddsm115_driver' with type 'ros.ament_python' and name 'ddsm115_driver'
[2.738s] Level 1:colcon.colcon_core.package_discovery:discover_packages(recursive) using defaults
[2.739s] Level 1:colcon.colcon_core.package_discovery:discover_packages(ignore) discover
[2.739s] Level 1:colcon.colcon_core.package_discovery:discover_packages(ignore) using defaults
[2.739s] Level 1:colcon.colcon_core.package_discovery:discover_packages(path) discover
[2.739s] Level 1:colcon.colcon_core.package_discovery:discover_packages(path) using defaults
[2.883s] Level 1:colcon.colcon_core.package_discovery:discover_packages(prefix_path) check parameters
[2.883s] Level 1:colcon.colcon_core.package_discovery:discover_packages(prefix_path) discover
[2.907s] DEBUG:colcon.colcon_installed_package_information.package_discovery:Found 271 installed packages in /opt/ros/humble
[2.918s] Level 1:colcon.colcon_core.package_discovery:discover_packages(prefix_path) using defaults
[3.153s] Level 5:colcon.colcon_core.verb:set package 'ddsm115_driver' build argument 'cmake_args' from command line to 'None'
[3.154s] Level 5:colcon.colcon_core.verb:set package 'ddsm115_driver' build argument 'cmake_target' from command line to 'None'
[3.154s] Level 5:colcon.colcon_core.verb:set package 'ddsm115_driver' build argument 'cmake_target_skip_unavailable' from command line to 'False'
[3.154s] Level 5:colcon.colcon_core.verb:set package 'ddsm115_driver' build argument 'cmake_clean_cache' from command line to 'False'
[3.154s] Level 5:colcon.colcon_core.verb:set package 'ddsm115_driver' build argument 'cmake_clean_first' from command line to 'False'
[3.154s] Level 5:colcon.colcon_core.verb:set package 'ddsm115_driver' build argument 'cmake_force_configure' from command line to 'False'
[3.154s] Level 5:colcon.colcon_core.verb:set package 'ddsm115_driver' build argument 'ament_cmake_args' from command line to 'None'
[3.154s] Level 5:colcon.colcon_core.verb:set package 'ddsm115_driver' build argument 'catkin_cmake_args' from command line to 'None'
[3.155s] Level 5:colcon.colcon_core.verb:set package 'ddsm115_driver' build argument 'catkin_skip_building_tests' from command line to 'False'
[3.155s] DEBUG:colcon.colcon_core.verb:Building package 'ddsm115_driver' with the following arguments: {'ament_cmake_args': None, 'build_base': '/home/circuitcoder1101/ros2_agv/build/ddsm115_driver', 'catkin_cmake_args': None, 'catkin_skip_building_tests': False, 'cmake_args': None, 'cmake_clean_cache': False, 'cmake_clean_first': False, 'cmake_force_configure': False, 'cmake_target': None, 'cmake_target_skip_unavailable': False, 'install_base': '/home/circuitcoder1101/ros2_agv/install/ddsm115_driver', 'merge_install': False, 'path': '/home/circuitcoder1101/ros2_agv/src/ddsm115_driver', 'symlink_install': False, 'test_result_base': None}
[3.155s] INFO:colcon.colcon_core.executor:Executing jobs using 'parallel' executor
[3.159s] DEBUG:colcon.colcon_parallel_executor.executor.parallel:run_until_complete
[3.160s] INFO:colcon.colcon_ros.task.ament_python.build:Building ROS package in '/home/circuitcoder1101/ros2_agv/src/ddsm115_driver' with build type 'ament_python'
[3.161s] Level 1:colcon.colcon_core.shell:create_environment_hook('ddsm115_driver', 'ament_prefix_path')
[3.185s] INFO:colcon.colcon_core.plugin_system:Skipping extension 'colcon_core.shell.bat': Not used on non-Windows systems
[3.186s] INFO:colcon.colcon_core.shell:Creating environment hook '/home/circuitcoder1101/ros2_agv/install/ddsm115_driver/share/ddsm115_driver/hook/ament_prefix_path.ps1'
[3.196s] INFO:colcon.colcon_core.shell:Creating environment descriptor '/home/circuitcoder1101/ros2_agv/install/ddsm115_driver/share/ddsm115_driver/hook/ament_prefix_path.dsv'
[3.200s] INFO:colcon.colcon_core.shell:Creating environment hook '/home/circuitcoder1101/ros2_agv/install/ddsm115_driver/share/ddsm115_driver/hook/ament_prefix_path.sh'
[3.210s] INFO:colcon.colcon_core.shell:Skip shell extension 'powershell' for command environment: Not usable outside of PowerShell
[3.211s] DEBUG:colcon.colcon_core.shell:Skip shell extension 'dsv' for command environment
[4.888s] INFO:colcon.colcon_core.task.python.build:Building Python package in '/home/circuitcoder1101/ros2_agv/src/ddsm115_driver'
[4.890s] INFO:colcon.colcon_core.shell:Skip shell extension 'powershell' for command environment: Not usable outside of PowerShell
[4.890s] DEBUG:colcon.colcon_core.shell:Skip shell extension 'dsv' for command environment
[8.551s] DEBUG:colcon.colcon_core.event_handler.log_command:Invoking command in '/home/circuitcoder1101/ros2_agv/src/ddsm115_driver': PYTHONPATH=/home/circuitcoder1101/ros2_agv/build/ddsm115_driver/prefix_override:/usr/lib/python3/dist-packages/colcon_core/task/python/colcon_distutils_commands:/home/circuitcoder1101/ros2_agv/install/ddsm115_driver/lib/python3.10/site-packages:${PYTHONPATH} /usr/bin/python3 -W ignore:setup.py install is deprecated -W ignore:easy_install command is deprecated setup.py egg_info --egg-base ../../build/ddsm115_driver build --build-base /home/circuitcoder1101/ros2_agv/build/ddsm115_driver/build install --record /home/circuitcoder1101/ros2_agv/build/ddsm115_driver/install.log --single-version-externally-managed install_data
[9.984s] DEBUG:colcon.colcon_core.event_handler.log_command:Invoked command in '/home/circuitcoder1101/ros2_agv/src/ddsm115_driver' returned '0': PYTHONPATH=/home/circuitcoder1101/ros2_agv/build/ddsm115_driver/prefix_override:/usr/lib/python3/dist-packages/colcon_core/task/python/colcon_distutils_commands:/home/circuitcoder1101/ros2_agv/install/ddsm115_driver/lib/python3.10/site-packages:${PYTHONPATH} /usr/bin/python3 -W ignore:setup.py install is deprecated -W ignore:easy_install command is deprecated setup.py egg_info --egg-base ../../build/ddsm115_driver build --build-base /home/circuitcoder1101/ros2_agv/build/ddsm115_driver/build install --record /home/circuitcoder1101/ros2_agv/build/ddsm115_driver/install.log --single-version-externally-managed install_data
[10.010s] Level 1:colcon.colcon_core.environment:checking '/home/circuitcoder1101/ros2_agv/install/ddsm115_driver' for CMake module files
[10.013s] Level 1:colcon.colcon_core.environment:checking '/home/circuitcoder1101/ros2_agv/install/ddsm115_driver' for CMake config files
[10.018s] Level 1:colcon.colcon_core.environment:checking '/home/circuitcoder1101/ros2_agv/install/ddsm115_driver/lib'
[10.019s] Level 1:colcon.colcon_core.environment:checking '/home/circuitcoder1101/ros2_agv/install/ddsm115_driver/bin'
[10.020s] Level 1:colcon.colcon_core.environment:checking '/home/circuitcoder1101/ros2_agv/install/ddsm115_driver/lib/pkgconfig/ddsm115_driver.pc'
[10.021s] Level 1:colcon.colcon_core.environment:checking '/home/circuitcoder1101/ros2_agv/install/ddsm115_driver/lib/python3.10/site-packages'
[10.021s] Level 1:colcon.colcon_core.shell:create_environment_hook('ddsm115_driver', 'pythonpath')
[10.022s] INFO:colcon.colcon_core.shell:Creating environment hook '/home/circuitcoder1101/ros2_agv/install/ddsm115_driver/share/ddsm115_driver/hook/pythonpath.ps1'
[10.024s] INFO:colcon.colcon_core.shell:Creating environment descriptor '/home/circuitcoder1101/ros2_agv/install/ddsm115_driver/share/ddsm115_driver/hook/pythonpath.dsv'
[10.027s] INFO:colcon.colcon_core.shell:Creating environment hook '/home/circuitcoder1101/ros2_agv/install/ddsm115_driver/share/ddsm115_driver/hook/pythonpath.sh'
[10.029s] Level 1:colcon.colcon_core.environment:checking '/home/circuitcoder1101/ros2_agv/install/ddsm115_driver/bin'
[10.030s] Level 1:colcon.colcon_core.environment:create_environment_scripts_only(ddsm115_driver)
[10.031s] INFO:colcon.colcon_core.shell:Creating package script '/home/circuitcoder1101/ros2_agv/install/ddsm115_driver/share/ddsm115_driver/package.ps1'
[10.036s] INFO:colcon.colcon_core.shell:Creating package descriptor '/home/circuitcoder1101/ros2_agv/install/ddsm115_driver/share/ddsm115_driver/package.dsv'
[10.040s] INFO:colcon.colcon_core.shell:Creating package script '/home/circuitcoder1101/ros2_agv/install/ddsm115_driver/share/ddsm115_driver/package.sh'
[10.047s] INFO:colcon.colcon_core.shell:Creating package script '/home/circuitcoder1101/ros2_agv/install/ddsm115_driver/share/ddsm115_driver/package.bash'
[10.054s] INFO:colcon.colcon_core.shell:Creating package script '/home/circuitcoder1101/ros2_agv/install/ddsm115_driver/share/ddsm115_driver/package.zsh'
[10.059s] Level 1:colcon.colcon_core.environment:create_file_with_runtime_dependencies(/home/circuitcoder1101/ros2_agv/install/ddsm115_driver/share/colcon-core/packages/ddsm115_driver)
[10.062s] DEBUG:colcon.colcon_parallel_executor.executor.parallel:closing loop
[10.063s] DEBUG:colcon.colcon_parallel_executor.executor.parallel:loop closed
[10.063s] DEBUG:colcon.colcon_parallel_executor.executor.parallel:run_until_complete finished with '0'
[10.064s] DEBUG:colcon.colcon_core.event_reactor:joining thread
[10.105s] INFO:colcon.colcon_core.plugin_system:Skipping extension 'colcon_notification.desktop_notification.terminal_notifier': Not used on non-Darwin systems
[10.106s] INFO:colcon.colcon_core.plugin_system:Skipping extension 'colcon_notification.desktop_notification.win32': Not used on non-Windows systems
[10.107s] INFO:colcon.colcon_notification.desktop_notification:Sending desktop notification using 'notify2'
[10.195s] DEBUG:colcon.colcon_core.event_reactor:joined thread
[10.197s] INFO:colcon.colcon_core.shell:Creating prefix script '/home/circuitcoder1101/ros2_agv/install/local_setup.ps1'
[10.205s] INFO:colcon.colcon_core.shell:Creating prefix util module '/home/circuitcoder1101/ros2_agv/install/_local_setup_util_ps1.py'
[10.216s] INFO:colcon.colcon_core.shell:Creating prefix chain script '/home/circuitcoder1101/ros2_agv/install/setup.ps1'
[10.225s] INFO:colcon.colcon_core.shell:Creating prefix script '/home/circuitcoder1101/ros2_agv/install/local_setup.sh'
[10.235s] INFO:colcon.colcon_core.shell:Creating prefix util module '/home/circuitcoder1101/ros2_agv/install/_local_setup_util_sh.py'
[10.253s] INFO:colcon.colcon_core.shell:Creating prefix chain script '/home/circuitcoder1101/ros2_agv/install/setup.sh'
[10.260s] INFO:colcon.colcon_core.shell:Creating prefix script '/home/circuitcoder1101/ros2_agv/install/local_setup.bash'
[10.265s] INFO:colcon.colcon_core.shell:Creating prefix chain script '/home/circuitcoder1101/ros2_agv/install/setup.bash'
[10.272s] INFO:colcon.colcon_core.shell:Creating prefix script '/home/circuitcoder1101/ros2_agv/install/local_setup.zsh'
[10.277s] INFO:colcon.colcon_core.shell:Creating prefix chain script '/home/circuitcoder1101/ros2_agv/install/setup.zsh'
